[  0%] Built target teraranger_array_generate_messages_py
[  0%] Built target dynamic_reconfigure_gencfg
[  0%] Built target teraranger_array_generate_messages_nodejs
[  0%] Built target teraranger_array_generate_messages_eus
[  0%] Built target teraranger_array_gencfg
[  0%] Built target rosgraph_msgs_generate_messages_nodejs
[  0%] Built target rosgraph_msgs_generate_messages_py
[  0%] Built target teraranger_array_generate_messages_cpp
[  0%] Built target std_msgs_generate_messages_eus
[  0%] Built target rosgraph_msgs_generate_messages_lisp
[  0%] Built target rosgraph_msgs_generate_messages_eus
[  0%] Built target dynamic_reconfigure_generate_messages_nodejs
[  0%] Built target std_msgs_generate_messages_py
[  0%] Built target roscpp_generate_messages_py
[  0%] Built target geometry_msgs_generate_messages_eus
[  0%] Built target roscpp_generate_messages_nodejs
[  0%] Built target roscpp_generate_messages_eus
[  0%] Built target std_msgs_generate_messages_cpp
[  0%] Built target roscpp_generate_messages_lisp
[  0%] Built target geometry_msgs_generate_messages_nodejs
[  0%] Built target sensor_msgs_generate_messages_py
[  0%] Built target std_msgs_generate_messages_lisp
[  0%] Built target sensor_msgs_generate_messages_cpp
[  0%] Built target sensor_msgs_generate_messages_eus
[  0%] Built target std_msgs_generate_messages_nodejs
[ 29%] Built target teraranger_gencfg
[ 29%] Built target dynamic_reconfigure_generate_messages_eus
[ 29%] Built target sensor_msgs_generate_messages_lisp
[ 29%] Built target roscpp_generate_messages_cpp
[ 29%] Built target geometry_msgs_generate_messages_cpp
[ 29%] Built target sensor_msgs_generate_messages_nodejs
[ 29%] Built target geometry_msgs_generate_messages_py
[ 29%] Built target geometry_msgs_generate_messages_lisp
[ 29%] Built target teraranger_array_generate_messages_lisp
[ 29%] Built target dynamic_reconfigure_generate_messages_py
[ 29%] Built target rosgraph_msgs_generate_messages_cpp
[ 29%] Built target dynamic_reconfigure_generate_messages_lisp
[ 29%] Built target dynamic_reconfigure_generate_messages_cpp
[ 47%] Built target evo
[ 64%] Built target duo
[ 82%] Built target one
[100%] Built target evo_mini
