Determining if the pthread_create exist failed with the following output:
Change Dir: /home/safmc/catkin_ws/build/openmv_cam/CMakeFiles/CMakeTmp

Run Build Command:"/usr/bin/make" "cmTC_33098/fast"
/usr/bin/make -f CMakeFiles/cmTC_33098.dir/build.make CMakeFiles/cmTC_33098.dir/build
make[1]: Entering directory '/home/safmc/catkin_ws/build/openmv_cam/CMakeFiles/CMakeTmp'
Building C object CMakeFiles/cmTC_33098.dir/CheckSymbolExists.c.o
/usr/bin/cc    -o CMakeFiles/cmTC_33098.dir/CheckSymbolExists.c.o   -c /home/safmc/catkin_ws/build/openmv_cam/CMakeFiles/CMakeTmp/CheckSymbolExists.c
Linking C executable cmTC_33098
/usr/bin/cmake -E cmake_link_script CMakeFiles/cmTC_33098.dir/link.txt --verbose=1
/usr/bin/cc      -rdynamic CMakeFiles/cmTC_33098.dir/CheckSymbolExists.c.o  -o cmTC_33098 
CMakeFiles/cmTC_33098.dir/CheckSymbolExists.c.o: In function `main':
CheckSymbolExists.c:(.text+0x14): undefined reference to `pthread_create'
CheckSymbolExists.c:(.text+0x18): undefined reference to `pthread_create'
collect2: error: ld returned 1 exit status
CMakeFiles/cmTC_33098.dir/build.make:97: recipe for target 'cmTC_33098' failed
make[1]: *** [cmTC_33098] Error 1
make[1]: Leaving directory '/home/safmc/catkin_ws/build/openmv_cam/CMakeFiles/CMakeTmp'
Makefile:126: recipe for target 'cmTC_33098/fast' failed
make: *** [cmTC_33098/fast] Error 2

File /home/safmc/catkin_ws/build/openmv_cam/CMakeFiles/CMakeTmp/CheckSymbolExists.c:
/* */
#include <pthread.h>

int main(int argc, char** argv)
{
  (void)argv;
#ifndef pthread_create
  return ((int*)(&pthread_create))[argc];
#else
  (void)argc;
  return 0;
#endif
}

Determining if the function pthread_create exists in the pthreads failed with the following output:
Change Dir: /home/safmc/catkin_ws/build/openmv_cam/CMakeFiles/CMakeTmp

Run Build Command:"/usr/bin/make" "cmTC_0bee3/fast"
/usr/bin/make -f CMakeFiles/cmTC_0bee3.dir/build.make CMakeFiles/cmTC_0bee3.dir/build
make[1]: Entering directory '/home/safmc/catkin_ws/build/openmv_cam/CMakeFiles/CMakeTmp'
Building C object CMakeFiles/cmTC_0bee3.dir/CheckFunctionExists.c.o
/usr/bin/cc   -DCHECK_FUNCTION_EXISTS=pthread_create   -o CMakeFiles/cmTC_0bee3.dir/CheckFunctionExists.c.o   -c /usr/share/cmake-3.10/Modules/CheckFunctionExists.c
Linking C executable cmTC_0bee3
/usr/bin/cmake -E cmake_link_script CMakeFiles/cmTC_0bee3.dir/link.txt --verbose=1
/usr/bin/cc  -DCHECK_FUNCTION_EXISTS=pthread_create    -rdynamic CMakeFiles/cmTC_0bee3.dir/CheckFunctionExists.c.o  -o cmTC_0bee3 -lpthreads 
/usr/bin/ld: cannot find -lpthreads
collect2: error: ld returned 1 exit status
CMakeFiles/cmTC_0bee3.dir/build.make:97: recipe for target 'cmTC_0bee3' failed
make[1]: *** [cmTC_0bee3] Error 1
make[1]: Leaving directory '/home/safmc/catkin_ws/build/openmv_cam/CMakeFiles/CMakeTmp'
Makefile:126: recipe for target 'cmTC_0bee3/fast' failed
make: *** [cmTC_0bee3/fast] Error 2


