[01m[K/home/safmc/catkin_ws/src/zed_window_sub/src/zed_window_sub.cpp:[m[K In function ‘[01m[Kvoid Window_LeftRectGray_Callback(const ConstPtr&)[m[K’:
[01m[K/home/safmc/catkin_ws/src/zed_window_sub/src/zed_window_sub.cpp:141:15:[m[K [01;31m[Kerror: [m[K‘[01m[KString[m[K’ is not a member of ‘[01m[Kstd_msgs[m[K’
     std_msgs::[01;31m[KString[m[K message;
               [01;31m[K^~~~~~[m[K
[01m[K/home/safmc/catkin_ws/src/zed_window_sub/src/zed_window_sub.cpp:141:15:[m[K [01;36m[Knote: [m[Ksuggested alternative:
In file included from [01m[K/usr/include/opencv4/opencv2/core/base.hpp:58:0[m[K,
                 from [01m[K/usr/include/opencv4/opencv2/core.hpp:54[m[K,
                 from [01m[K/usr/include/opencv4/opencv2/imgproc.hpp:46[m[K,
                 from [01m[K/usr/include/opencv4/opencv2/imgproc/imgproc.hpp:48[m[K,
                 from [01m[K/home/safmc/catkin_ws/src/zed_window_sub/src/zed_window_sub.cpp:31[m[K:
[01m[K/usr/include/opencv4/opencv2/core/cvstd.hpp:152:21:[m[K [01;36m[Knote: [m[K  ‘[01m[Kcv::String[m[K’
 typedef std::string [01;36m[KString[m[K;
                     [01;36m[K^~~~~~[m[K
[01m[K/home/safmc/catkin_ws/src/zed_window_sub/src/zed_window_sub.cpp:142:5:[m[K [01;31m[Kerror: [m[K‘[01m[Kmessage[m[K’ was not declared in this scope
     [01;31m[Kmessage[m[K.data = "window";
     [01;31m[K^~~~~~~[m[K
[01m[K/home/safmc/catkin_ws/src/zed_window_sub/src/zed_window_sub.cpp:[m[K In function ‘[01m[Kint main(int, char**)[m[K’:
[01m[K/home/safmc/catkin_ws/src/zed_window_sub/src/zed_window_sub.cpp:175:43:[m[K [01;31m[Kerror: [m[K‘[01m[KString[m[K’ is not a member of ‘[01m[Kstd_msgs[m[K’
     WindowCtr_pub = n.advertise<std_msgs::[01;31m[KString[m[K>("/M3/zed/WindowCtr", 10);
                                           [01;31m[K^~~~~~[m[K
[01m[K/home/safmc/catkin_ws/src/zed_window_sub/src/zed_window_sub.cpp:175:43:[m[K [01;36m[Knote: [m[Ksuggested alternative:
In file included from [01m[K/usr/include/opencv4/opencv2/core/base.hpp:58:0[m[K,
                 from [01m[K/usr/include/opencv4/opencv2/core.hpp:54[m[K,
                 from [01m[K/usr/include/opencv4/opencv2/imgproc.hpp:46[m[K,
                 from [01m[K/usr/include/opencv4/opencv2/imgproc/imgproc.hpp:48[m[K,
                 from [01m[K/home/safmc/catkin_ws/src/zed_window_sub/src/zed_window_sub.cpp:31[m[K:
[01m[K/usr/include/opencv4/opencv2/core/cvstd.hpp:152:21:[m[K [01;36m[Knote: [m[K  ‘[01m[Kcv::String[m[K’
 typedef std::string [01;36m[KString[m[K;
                     [01;36m[K^~~~~~[m[K
[01m[K/home/safmc/catkin_ws/src/zed_window_sub/src/zed_window_sub.cpp:175:43:[m[K [01;31m[Kerror: [m[K‘[01m[KString[m[K’ is not a member of ‘[01m[Kstd_msgs[m[K’
     WindowCtr_pub = n.advertise<std_msgs::[01;31m[KString[m[K>("/M3/zed/WindowCtr", 10);
                                           [01;31m[K^~~~~~[m[K
[01m[K/home/safmc/catkin_ws/src/zed_window_sub/src/zed_window_sub.cpp:175:43:[m[K [01;36m[Knote: [m[Ksuggested alternative:
In file included from [01m[K/usr/include/opencv4/opencv2/core/base.hpp:58:0[m[K,
                 from [01m[K/usr/include/opencv4/opencv2/core.hpp:54[m[K,
                 from [01m[K/usr/include/opencv4/opencv2/imgproc.hpp:46[m[K,
                 from [01m[K/usr/include/opencv4/opencv2/imgproc/imgproc.hpp:48[m[K,
                 from [01m[K/home/safmc/catkin_ws/src/zed_window_sub/src/zed_window_sub.cpp:31[m[K:
[01m[K/usr/include/opencv4/opencv2/core/cvstd.hpp:152:21:[m[K [01;36m[Knote: [m[K  ‘[01m[Kcv::String[m[K’
 typedef std::string [01;36m[KString[m[K;
                     [01;36m[K^~~~~~[m[K
[01m[K/home/safmc/catkin_ws/src/zed_window_sub/src/zed_window_sub.cpp:175:74:[m[K [01;31m[Kerror: [m[Kno matching function for call to ‘[01m[Kros::NodeHandle::advertise<<expression error> >(const char [18], int)[m[K’
     WindowCtr_pub = n.advertise<std_msgs::String>("/M3/zed/WindowCtr", 10[01;31m[K)[m[K;
                                                                          [01;31m[K^[m[K
In file included from [01m[K/opt/ros/melodic/include/ros/ros.h:45:0[m[K,
                 from [01m[K/home/safmc/catkin_ws/src/zed_window_sub/src/zed_window_sub.cpp:28[m[K:
[01m[K/opt/ros/melodic/include/ros/node_handle.h:249:15:[m[K [01;36m[Knote: [m[Kcandidate: template<class M> ros::Publisher ros::NodeHandle::advertise(const string&, uint32_t, bool)
     Publisher [01;36m[Kadvertise[m[K(const std::string& topic, uint32_t queue_size, bool latch = false)
               [01;36m[K^~~~~~~~~[m[K
[01m[K/opt/ros/melodic/include/ros/node_handle.h:249:15:[m[K [01;36m[Knote: [m[K  template argument deduction/substitution failed:
[01m[K/home/safmc/catkin_ws/src/zed_window_sub/src/zed_window_sub.cpp:175:74:[m[K [01;31m[Kerror: [m[Ktemplate argument 1 is invalid
     WindowCtr_pub = n.advertise<std_msgs::String>("/M3/zed/WindowCtr", 10[01;31m[K)[m[K;
                                                                          [01;31m[K^[m[K
In file included from [01m[K/opt/ros/melodic/include/ros/ros.h:45:0[m[K,
                 from [01m[K/home/safmc/catkin_ws/src/zed_window_sub/src/zed_window_sub.cpp:28[m[K:
[01m[K/opt/ros/melodic/include/ros/node_handle.h:315:13:[m[K [01;36m[Knote: [m[Kcandidate: template<class M> ros::Publisher ros::NodeHandle::advertise(const string&, uint32_t, const SubscriberStatusCallback&, const SubscriberStatusCallback&, const VoidConstPtr&, bool)
   Publisher [01;36m[Kadvertise[m[K(const std::string& topic, uint32_t queue_size,
             [01;36m[K^~~~~~~~~[m[K
[01m[K/opt/ros/melodic/include/ros/node_handle.h:315:13:[m[K [01;36m[Knote: [m[K  template argument deduction/substitution failed:
[01m[K/home/safmc/catkin_ws/src/zed_window_sub/src/zed_window_sub.cpp:175:74:[m[K [01;31m[Kerror: [m[Ktemplate argument 1 is invalid
     WindowCtr_pub = n.advertise<std_msgs::String>("/M3/zed/WindowCtr", 10[01;31m[K)[m[K;
                                                                          [01;31m[K^[m[K
make[2]: *** [CMakeFiles/zed_window_sub.dir/src/zed_window_sub.cpp.o] Error 1
make[1]: *** [CMakeFiles/zed_window_sub.dir/all] Error 2
make: *** [all] Error 2
