[01m[K/home/safmc/catkin_ws/src/zed_qrcode_sub/src/zed_qrcode_sub.cpp:[m[K In function ‘[01m[Kvoid QRCode_LeftRectRGB_Callback(const ConstPtr&)[m[K’:
[01m[K/home/safmc/catkin_ws/src/zed_qrcode_sub/src/zed_qrcode_sub.cpp:72:30:[m[K [01;31m[Kerror: [m[Ka function-definition is not allowed here before ‘[01m[K{[m[K’ token
     void SaveImg(cv::Mat Img)[01;31m[K{[m[K
                              [01;31m[K^[m[K
[01m[K/home/safmc/catkin_ws/src/zed_qrcode_sub/src/zed_qrcode_sub.cpp:100:86:[m[K [01;31m[Kerror: [m[Kno matching function for call to ‘[01m[Kstd::__cxx11::basic_string<char>::compare()[m[K’
             if (std::none_of(decodedList.begin(), decodedList.end(), decoded.compare([01;31m[K)[m[K)){
                                                                                      [01;31m[K^[m[K
In file included from [01m[K/usr/include/c++/7/string:52:0[m[K,
                 from [01m[K/opt/ros/melodic/include/ros/platform.h:38[m[K,
                 from [01m[K/opt/ros/melodic/include/ros/time.h:53[m[K,
                 from [01m[K/opt/ros/melodic/include/ros/ros.h:38[m[K,
                 from [01m[K/home/safmc/catkin_ws/src/zed_qrcode_sub/src/zed_qrcode_sub.cpp:28[m[K:
[01m[K/usr/include/c++/7/bits/basic_string.h:2833:7:[m[K [01;36m[Knote: [m[Kcandidate: int std::__cxx11::basic_string<_CharT, _Traits, _Alloc>::compare(const std::__cxx11::basic_string<_CharT, _Traits, _Alloc>&) const [with _CharT = char; _Traits = std::char_traits<char>; _Alloc = std::allocator<char>]
       [01;36m[Kcompare[m[K(const basic_string& __str) const
       [01;36m[K^~~~~~~[m[K
[01m[K/usr/include/c++/7/bits/basic_string.h:2833:7:[m[K [01;36m[Knote: [m[K  candidate expects 1 argument, 0 provided
[01m[K/usr/include/c++/7/bits/basic_string.h:2926:7:[m[K [01;36m[Knote: [m[Kcandidate: int std::__cxx11::basic_string<_CharT, _Traits, _Alloc>::compare(std::__cxx11::basic_string<_CharT, _Traits, _Alloc>::size_type, std::__cxx11::basic_string<_CharT, _Traits, _Alloc>::size_type, const std::__cxx11::basic_string<_CharT, _Traits, _Alloc>&) const [with _CharT = char; _Traits = std::char_traits<char>; _Alloc = std::allocator<char>; std::__cxx11::basic_string<_CharT, _Traits, _Alloc>::size_type = long unsigned int]
       [01;36m[Kcompare[m[K(size_type __pos, size_type __n, const basic_string& __str) const;
       [01;36m[K^~~~~~~[m[K
[01m[K/usr/include/c++/7/bits/basic_string.h:2926:7:[m[K [01;36m[Knote: [m[K  candidate expects 3 arguments, 0 provided
[01m[K/usr/include/c++/7/bits/basic_string.h:2952:7:[m[K [01;36m[Knote: [m[Kcandidate: int std::__cxx11::basic_string<_CharT, _Traits, _Alloc>::compare(std::__cxx11::basic_string<_CharT, _Traits, _Alloc>::size_type, std::__cxx11::basic_string<_CharT, _Traits, _Alloc>::size_type, const std::__cxx11::basic_string<_CharT, _Traits, _Alloc>&, std::__cxx11::basic_string<_CharT, _Traits, _Alloc>::size_type, std::__cxx11::basic_string<_CharT, _Traits, _Alloc>::size_type) const [with _CharT = char; _Traits = std::char_traits<char>; _Alloc = std::allocator<char>; std::__cxx11::basic_string<_CharT, _Traits, _Alloc>::size_type = long unsigned int]
       [01;36m[Kcompare[m[K(size_type __pos1, size_type __n1, const basic_string& __str,
       [01;36m[K^~~~~~~[m[K
[01m[K/usr/include/c++/7/bits/basic_string.h:2952:7:[m[K [01;36m[Knote: [m[K  candidate expects 5 arguments, 0 provided
[01m[K/usr/include/c++/7/bits/basic_string.h:2970:7:[m[K [01;36m[Knote: [m[Kcandidate: int std::__cxx11::basic_string<_CharT, _Traits, _Alloc>::compare(const _CharT*) const [with _CharT = char; _Traits = std::char_traits<char>; _Alloc = std::allocator<char>]
       [01;36m[Kcompare[m[K(const _CharT* __s) const _GLIBCXX_NOEXCEPT;
       [01;36m[K^~~~~~~[m[K
[01m[K/usr/include/c++/7/bits/basic_string.h:2970:7:[m[K [01;36m[Knote: [m[K  candidate expects 1 argument, 0 provided
[01m[K/usr/include/c++/7/bits/basic_string.h:2994:7:[m[K [01;36m[Knote: [m[Kcandidate: int std::__cxx11::basic_string<_CharT, _Traits, _Alloc>::compare(std::__cxx11::basic_string<_CharT, _Traits, _Alloc>::size_type, std::__cxx11::basic_string<_CharT, _Traits, _Alloc>::size_type, const _CharT*) const [with _CharT = char; _Traits = std::char_traits<char>; _Alloc = std::allocator<char>; std::__cxx11::basic_string<_CharT, _Traits, _Alloc>::size_type = long unsigned int]
       [01;36m[Kcompare[m[K(size_type __pos, size_type __n1, const _CharT* __s) const;
       [01;36m[K^~~~~~~[m[K
[01m[K/usr/include/c++/7/bits/basic_string.h:2994:7:[m[K [01;36m[Knote: [m[K  candidate expects 3 arguments, 0 provided
[01m[K/usr/include/c++/7/bits/basic_string.h:3021:7:[m[K [01;36m[Knote: [m[Kcandidate: int std::__cxx11::basic_string<_CharT, _Traits, _Alloc>::compare(std::__cxx11::basic_string<_CharT, _Traits, _Alloc>::size_type, std::__cxx11::basic_string<_CharT, _Traits, _Alloc>::size_type, const _CharT*, std::__cxx11::basic_string<_CharT, _Traits, _Alloc>::size_type) const [with _CharT = char; _Traits = std::char_traits<char>; _Alloc = std::allocator<char>; std::__cxx11::basic_string<_CharT, _Traits, _Alloc>::size_type = long unsigned int]
       [01;36m[Kcompare[m[K(size_type __pos, size_type __n1, const _CharT* __s,
       [01;36m[K^~~~~~~[m[K
[01m[K/usr/include/c++/7/bits/basic_string.h:3021:7:[m[K [01;36m[Knote: [m[K  candidate expects 4 arguments, 0 provided
make[2]: *** [CMakeFiles/zed_qrcode_sub.dir/src/zed_qrcode_sub.cpp.o] Error 1
make[1]: *** [CMakeFiles/zed_qrcode_sub.dir/all] Error 2
make: *** [all] Error 2
