[  0%] Built target dynamic_reconfigure_generate_messages_lisp
[ 13%] Built target teraranger_array_gencfg
[ 13%] Built target dynamic_reconfigure_gencfg
[ 13%] Built target rosgraph_msgs_generate_messages_nodejs
[ 13%] Built target rosgraph_msgs_generate_messages_py
[ 13%] Built target sensor_msgs_generate_messages_cpp
[ 13%] Built target std_msgs_generate_messages_cpp
[ 13%] Built target std_msgs_generate_messages_eus
[ 13%] Built target _teraranger_array_generate_messages_check_deps_RangeArray
[ 13%] Built target rosgraph_msgs_generate_messages_lisp
[ 13%] Built target rosgraph_msgs_generate_messages_eus
[ 13%] Built target dynamic_reconfigure_generate_messages_nodejs
[ 13%] Built target roscpp_generate_messages_py
[ 13%] Built target std_msgs_generate_messages_py
[ 13%] Built target geometry_msgs_generate_messages_eus
[ 13%] Built target roscpp_generate_messages_nodejs
[ 13%] Built target roscpp_generate_messages_eus
[ 13%] Built target roscpp_generate_messages_lisp
[ 13%] Built target geometry_msgs_generate_messages_nodejs
[ 13%] Built target std_msgs_generate_messages_lisp
[ 13%] Built target sensor_msgs_generate_messages_py
[ 13%] Built target _catkin_empty_exported_target
[ 13%] Built target sensor_msgs_generate_messages_eus
[ 13%] Built target std_msgs_generate_messages_nodejs
[ 13%] Built target dynamic_reconfigure_generate_messages_eus
[ 13%] Built target sensor_msgs_generate_messages_lisp
[ 13%] Built target roscpp_generate_messages_cpp
[ 13%] Built target sensor_msgs_generate_messages_nodejs
[ 13%] Built target geometry_msgs_generate_messages_cpp
[ 13%] Built target geometry_msgs_generate_messages_lisp
[ 13%] Built target geometry_msgs_generate_messages_py
[ 13%] Built target dynamic_reconfigure_generate_messages_py
[ 13%] Built target rosgraph_msgs_generate_messages_cpp
[ 13%] Built target dynamic_reconfigure_generate_messages_cpp
[ 18%] Built target teraranger_array_generate_messages_lisp
[ 27%] Built target teraranger_array_generate_messages_py
[ 31%] Built target teraranger_array_generate_messages_nodejs
[ 40%] Built target teraranger_array_generate_messages_eus
[ 45%] Built target teraranger_array_generate_messages_cpp
[ 59%] Built target teraranger_evo
[ 72%] Built target teraranger_multiflex
[ 86%] Built target teraranger_one
[ 86%] Built target teraranger_array_generate_messages
[100%] Built target teraranger_array_LIB
