Linked: (/home/safmc/catkin_ws/devel/.private/teraranger_array/lib/libteraranger_array_LIB.so, /home/safmc/catkin_ws/devel/lib/libteraranger_array_LIB.so)
Linked: (/home/safmc/catkin_ws/devel/.private/teraranger_array/lib/teraranger_array/teraranger_evo, /home/safmc/catkin_ws/devel/lib/teraranger_array/teraranger_evo)
Linked: (/home/safmc/catkin_ws/devel/.private/teraranger_array/lib/teraranger_array/teraranger_one, /home/safmc/catkin_ws/devel/lib/teraranger_array/teraranger_one)
Linked: (/home/safmc/catkin_ws/devel/.private/teraranger_array/lib/teraranger_array/teraranger_multiflex, /home/safmc/catkin_ws/devel/lib/teraranger_array/teraranger_multiflex)
Linked: (/home/safmc/catkin_ws/devel/.private/teraranger_array/lib/pkgconfig/teraranger_array.pc, /home/safmc/catkin_ws/devel/lib/pkgconfig/teraranger_array.pc)
Linked: (/home/safmc/catkin_ws/devel/.private/teraranger_array/lib/python2.7/dist-packages/teraranger_array/__init__.py, /home/safmc/catkin_ws/devel/lib/python2.7/dist-packages/teraranger_array/__init__.py)
Linked: (/home/safmc/catkin_ws/devel/.private/teraranger_array/lib/python2.7/dist-packages/teraranger_array/msg/_RangeArray.py, /home/safmc/catkin_ws/devel/lib/python2.7/dist-packages/teraranger_array/msg/_RangeArray.py)
Linked: (/home/safmc/catkin_ws/devel/.private/teraranger_array/lib/python2.7/dist-packages/teraranger_array/msg/__init__.py, /home/safmc/catkin_ws/devel/lib/python2.7/dist-packages/teraranger_array/msg/__init__.py)
Linked: (/home/safmc/catkin_ws/devel/.private/teraranger_array/lib/python2.7/dist-packages/teraranger_array/cfg/TerarangerHubOneConfig.py, /home/safmc/catkin_ws/devel/lib/python2.7/dist-packages/teraranger_array/cfg/TerarangerHubOneConfig.py)
Linked: (/home/safmc/catkin_ws/devel/.private/teraranger_array/lib/python2.7/dist-packages/teraranger_array/cfg/TerarangerHubMultiflexConfig.py, /home/safmc/catkin_ws/devel/lib/python2.7/dist-packages/teraranger_array/cfg/TerarangerHubMultiflexConfig.py)
Linked: (/home/safmc/catkin_ws/devel/.private/teraranger_array/lib/python2.7/dist-packages/teraranger_array/cfg/TerarangerHubEvoConfig.py, /home/safmc/catkin_ws/devel/lib/python2.7/dist-packages/teraranger_array/cfg/TerarangerHubEvoConfig.py)
Linked: (/home/safmc/catkin_ws/devel/.private/teraranger_array/lib/python2.7/dist-packages/teraranger_array/cfg/__init__.py, /home/safmc/catkin_ws/devel/lib/python2.7/dist-packages/teraranger_array/cfg/__init__.py)
Linked: (/home/safmc/catkin_ws/devel/.private/teraranger_array/share/teraranger_array/docs/TerarangerHubMultiflexConfig-usage.dox, /home/safmc/catkin_ws/devel/share/teraranger_array/docs/TerarangerHubMultiflexConfig-usage.dox)
Linked: (/home/safmc/catkin_ws/devel/.private/teraranger_array/share/teraranger_array/docs/TerarangerHubOneConfig.dox, /home/safmc/catkin_ws/devel/share/teraranger_array/docs/TerarangerHubOneConfig.dox)
Linked: (/home/safmc/catkin_ws/devel/.private/teraranger_array/share/teraranger_array/docs/TerarangerHubEvoConfig.wikidoc, /home/safmc/catkin_ws/devel/share/teraranger_array/docs/TerarangerHubEvoConfig.wikidoc)
Linked: (/home/safmc/catkin_ws/devel/.private/teraranger_array/share/teraranger_array/docs/TerarangerHubMultiflexConfig.wikidoc, /home/safmc/catkin_ws/devel/share/teraranger_array/docs/TerarangerHubMultiflexConfig.wikidoc)
Linked: (/home/safmc/catkin_ws/devel/.private/teraranger_array/share/teraranger_array/docs/TerarangerHubOneConfig-usage.dox, /home/safmc/catkin_ws/devel/share/teraranger_array/docs/TerarangerHubOneConfig-usage.dox)
Linked: (/home/safmc/catkin_ws/devel/.private/teraranger_array/share/teraranger_array/docs/TerarangerHubOneConfig.wikidoc, /home/safmc/catkin_ws/devel/share/teraranger_array/docs/TerarangerHubOneConfig.wikidoc)
Linked: (/home/safmc/catkin_ws/devel/.private/teraranger_array/share/teraranger_array/docs/TerarangerHubEvoConfig-usage.dox, /home/safmc/catkin_ws/devel/share/teraranger_array/docs/TerarangerHubEvoConfig-usage.dox)
Linked: (/home/safmc/catkin_ws/devel/.private/teraranger_array/share/teraranger_array/docs/TerarangerHubEvoConfig.dox, /home/safmc/catkin_ws/devel/share/teraranger_array/docs/TerarangerHubEvoConfig.dox)
Linked: (/home/safmc/catkin_ws/devel/.private/teraranger_array/share/teraranger_array/docs/TerarangerHubMultiflexConfig.dox, /home/safmc/catkin_ws/devel/share/teraranger_array/docs/TerarangerHubMultiflexConfig.dox)
Linked: (/home/safmc/catkin_ws/devel/.private/teraranger_array/share/teraranger_array/cmake/teraranger_arrayConfig-version.cmake, /home/safmc/catkin_ws/devel/share/teraranger_array/cmake/teraranger_arrayConfig-version.cmake)
Linked: (/home/safmc/catkin_ws/devel/.private/teraranger_array/share/teraranger_array/cmake/teraranger_array-msg-paths.cmake, /home/safmc/catkin_ws/devel/share/teraranger_array/cmake/teraranger_array-msg-paths.cmake)
Linked: (/home/safmc/catkin_ws/devel/.private/teraranger_array/share/teraranger_array/cmake/teraranger_arrayConfig.cmake, /home/safmc/catkin_ws/devel/share/teraranger_array/cmake/teraranger_arrayConfig.cmake)
Linked: (/home/safmc/catkin_ws/devel/.private/teraranger_array/share/teraranger_array/cmake/teraranger_array-msg-extras.cmake, /home/safmc/catkin_ws/devel/share/teraranger_array/cmake/teraranger_array-msg-extras.cmake)
Linked: (/home/safmc/catkin_ws/devel/.private/teraranger_array/share/common-lisp/ros/teraranger_array/msg/RangeArray.lisp, /home/safmc/catkin_ws/devel/share/common-lisp/ros/teraranger_array/msg/RangeArray.lisp)
Linked: (/home/safmc/catkin_ws/devel/.private/teraranger_array/share/common-lisp/ros/teraranger_array/msg/teraranger_array-msg.asd, /home/safmc/catkin_ws/devel/share/common-lisp/ros/teraranger_array/msg/teraranger_array-msg.asd)
Linked: (/home/safmc/catkin_ws/devel/.private/teraranger_array/share/common-lisp/ros/teraranger_array/msg/_package_RangeArray.lisp, /home/safmc/catkin_ws/devel/share/common-lisp/ros/teraranger_array/msg/_package_RangeArray.lisp)
Linked: (/home/safmc/catkin_ws/devel/.private/teraranger_array/share/common-lisp/ros/teraranger_array/msg/_package.lisp, /home/safmc/catkin_ws/devel/share/common-lisp/ros/teraranger_array/msg/_package.lisp)
Linked: (/home/safmc/catkin_ws/devel/.private/teraranger_array/share/roseus/ros/teraranger_array/manifest.l, /home/safmc/catkin_ws/devel/share/roseus/ros/teraranger_array/manifest.l)
Linked: (/home/safmc/catkin_ws/devel/.private/teraranger_array/share/roseus/ros/teraranger_array/msg/RangeArray.l, /home/safmc/catkin_ws/devel/share/roseus/ros/teraranger_array/msg/RangeArray.l)
Linked: (/home/safmc/catkin_ws/devel/.private/teraranger_array/share/gennodejs/ros/teraranger_array/_index.js, /home/safmc/catkin_ws/devel/share/gennodejs/ros/teraranger_array/_index.js)
Linked: (/home/safmc/catkin_ws/devel/.private/teraranger_array/share/gennodejs/ros/teraranger_array/msg/RangeArray.js, /home/safmc/catkin_ws/devel/share/gennodejs/ros/teraranger_array/msg/RangeArray.js)
Linked: (/home/safmc/catkin_ws/devel/.private/teraranger_array/share/gennodejs/ros/teraranger_array/msg/_index.js, /home/safmc/catkin_ws/devel/share/gennodejs/ros/teraranger_array/msg/_index.js)
Linked: (/home/safmc/catkin_ws/devel/.private/teraranger_array/include/teraranger_array/TerarangerHubEvoConfig.h, /home/safmc/catkin_ws/devel/include/teraranger_array/TerarangerHubEvoConfig.h)
Linked: (/home/safmc/catkin_ws/devel/.private/teraranger_array/include/teraranger_array/TerarangerHubMultiflexConfig.h, /home/safmc/catkin_ws/devel/include/teraranger_array/TerarangerHubMultiflexConfig.h)
Linked: (/home/safmc/catkin_ws/devel/.private/teraranger_array/include/teraranger_array/TerarangerHubOneConfig.h, /home/safmc/catkin_ws/devel/include/teraranger_array/TerarangerHubOneConfig.h)
Linked: (/home/safmc/catkin_ws/devel/.private/teraranger_array/include/teraranger_array/RangeArray.h, /home/safmc/catkin_ws/devel/include/teraranger_array/RangeArray.h)
