[  0%] Built target _zed_interfaces_generate_messages_check_deps_Objects
[  0%] Built target _zed_interfaces_generate_messages_check_deps_reset_tracking
[  0%] Built target geometry_msgs_generate_messages_lisp
[  0%] Built target _zed_interfaces_generate_messages_check_deps_stop_3d_mapping
[  0%] Built target _zed_interfaces_generate_messages_check_deps_start_3d_mapping
[  0%] Built target sensor_msgs_generate_messages_lisp
[  0%] Built target _zed_interfaces_generate_messages_check_deps_start_svo_recording
[  0%] Built target _zed_interfaces_generate_messages_check_deps_stop_remote_stream
[  0%] Built target _zed_interfaces_generate_messages_check_deps_stop_svo_recording
[  0%] Built target _zed_interfaces_generate_messages_check_deps_set_pose
[  0%] Built target _zed_interfaces_generate_messages_check_deps_start_object_detection
[  0%] Built target _zed_interfaces_generate_messages_check_deps_toggle_led
[  0%] Built target _zed_interfaces_generate_messages_check_deps_reset_odometry
[  0%] Built target _zed_interfaces_generate_messages_check_deps_ObjectStamped
[  0%] Built target _zed_interfaces_generate_messages_check_deps_RGBDSensors
[  0%] Built target std_msgs_generate_messages_lisp
[  0%] Built target _zed_interfaces_generate_messages_check_deps_stop_object_detection
[  0%] Built target geometry_msgs_generate_messages_nodejs
[  0%] Built target _zed_interfaces_generate_messages_check_deps_start_remote_stream
[  0%] Built target _zed_interfaces_generate_messages_check_deps_set_led_status
[  0%] Built target std_msgs_generate_messages_nodejs
[  0%] Built target sensor_msgs_generate_messages_nodejs
[  0%] Built target geometry_msgs_generate_messages_eus
[  0%] Built target sensor_msgs_generate_messages_eus
[  0%] Built target geometry_msgs_generate_messages_py
[  0%] Built target std_msgs_generate_messages_eus
[  0%] Built target std_msgs_generate_messages_py
[  0%] Built target sensor_msgs_generate_messages_py
[  0%] Built target sensor_msgs_generate_messages_cpp
[  0%] Built target geometry_msgs_generate_messages_cpp
[  0%] Built target std_msgs_generate_messages_cpp
[ 19%] Built target zed_interfaces_generate_messages_lisp
[ 38%] Built target zed_interfaces_generate_messages_nodejs
[ 60%] Built target zed_interfaces_generate_messages_py
[ 80%] Built target zed_interfaces_generate_messages_eus
[100%] Built target zed_interfaces_generate_messages_cpp
[100%] Built target zed_interfaces_generate_messages
