Linked: (/home/safmc/catkin_ws/devel/.private/zed_interfaces/lib/pkgconfig/zed_interfaces.pc, /home/safmc/catkin_ws/devel/lib/pkgconfig/zed_interfaces.pc)
Linked: (/home/safmc/catkin_ws/devel/.private/zed_interfaces/lib/python2.7/dist-packages/zed_interfaces/__init__.py, /home/safmc/catkin_ws/devel/lib/python2.7/dist-packages/zed_interfaces/__init__.py)
Linked: (/home/safmc/catkin_ws/devel/.private/zed_interfaces/lib/python2.7/dist-packages/zed_interfaces/msg/_ObjectStamped.py, /home/safmc/catkin_ws/devel/lib/python2.7/dist-packages/zed_interfaces/msg/_ObjectStamped.py)
Linked: (/home/safmc/catkin_ws/devel/.private/zed_interfaces/lib/python2.7/dist-packages/zed_interfaces/msg/_RGBDSensors.py, /home/safmc/catkin_ws/devel/lib/python2.7/dist-packages/zed_interfaces/msg/_RGBDSensors.py)
Linked: (/home/safmc/catkin_ws/devel/.private/zed_interfaces/lib/python2.7/dist-packages/zed_interfaces/msg/__init__.py, /home/safmc/catkin_ws/devel/lib/python2.7/dist-packages/zed_interfaces/msg/__init__.py)
Linked: (/home/safmc/catkin_ws/devel/.private/zed_interfaces/lib/python2.7/dist-packages/zed_interfaces/msg/_Objects.py, /home/safmc/catkin_ws/devel/lib/python2.7/dist-packages/zed_interfaces/msg/_Objects.py)
Linked: (/home/safmc/catkin_ws/devel/.private/zed_interfaces/lib/python2.7/dist-packages/zed_interfaces/srv/_set_pose.py, /home/safmc/catkin_ws/devel/lib/python2.7/dist-packages/zed_interfaces/srv/_set_pose.py)
Linked: (/home/safmc/catkin_ws/devel/.private/zed_interfaces/lib/python2.7/dist-packages/zed_interfaces/srv/_stop_object_detection.py, /home/safmc/catkin_ws/devel/lib/python2.7/dist-packages/zed_interfaces/srv/_stop_object_detection.py)
Linked: (/home/safmc/catkin_ws/devel/.private/zed_interfaces/lib/python2.7/dist-packages/zed_interfaces/srv/_stop_remote_stream.py, /home/safmc/catkin_ws/devel/lib/python2.7/dist-packages/zed_interfaces/srv/_stop_remote_stream.py)
Linked: (/home/safmc/catkin_ws/devel/.private/zed_interfaces/lib/python2.7/dist-packages/zed_interfaces/srv/_start_object_detection.py, /home/safmc/catkin_ws/devel/lib/python2.7/dist-packages/zed_interfaces/srv/_start_object_detection.py)
Linked: (/home/safmc/catkin_ws/devel/.private/zed_interfaces/lib/python2.7/dist-packages/zed_interfaces/srv/_reset_tracking.py, /home/safmc/catkin_ws/devel/lib/python2.7/dist-packages/zed_interfaces/srv/_reset_tracking.py)
Linked: (/home/safmc/catkin_ws/devel/.private/zed_interfaces/lib/python2.7/dist-packages/zed_interfaces/srv/_start_svo_recording.py, /home/safmc/catkin_ws/devel/lib/python2.7/dist-packages/zed_interfaces/srv/_start_svo_recording.py)
Linked: (/home/safmc/catkin_ws/devel/.private/zed_interfaces/lib/python2.7/dist-packages/zed_interfaces/srv/_toggle_led.py, /home/safmc/catkin_ws/devel/lib/python2.7/dist-packages/zed_interfaces/srv/_toggle_led.py)
Linked: (/home/safmc/catkin_ws/devel/.private/zed_interfaces/lib/python2.7/dist-packages/zed_interfaces/srv/_start_remote_stream.py, /home/safmc/catkin_ws/devel/lib/python2.7/dist-packages/zed_interfaces/srv/_start_remote_stream.py)
Linked: (/home/safmc/catkin_ws/devel/.private/zed_interfaces/lib/python2.7/dist-packages/zed_interfaces/srv/_start_3d_mapping.py, /home/safmc/catkin_ws/devel/lib/python2.7/dist-packages/zed_interfaces/srv/_start_3d_mapping.py)
Linked: (/home/safmc/catkin_ws/devel/.private/zed_interfaces/lib/python2.7/dist-packages/zed_interfaces/srv/__init__.py, /home/safmc/catkin_ws/devel/lib/python2.7/dist-packages/zed_interfaces/srv/__init__.py)
Linked: (/home/safmc/catkin_ws/devel/.private/zed_interfaces/lib/python2.7/dist-packages/zed_interfaces/srv/_reset_odometry.py, /home/safmc/catkin_ws/devel/lib/python2.7/dist-packages/zed_interfaces/srv/_reset_odometry.py)
Linked: (/home/safmc/catkin_ws/devel/.private/zed_interfaces/lib/python2.7/dist-packages/zed_interfaces/srv/_set_led_status.py, /home/safmc/catkin_ws/devel/lib/python2.7/dist-packages/zed_interfaces/srv/_set_led_status.py)
Linked: (/home/safmc/catkin_ws/devel/.private/zed_interfaces/lib/python2.7/dist-packages/zed_interfaces/srv/_stop_3d_mapping.py, /home/safmc/catkin_ws/devel/lib/python2.7/dist-packages/zed_interfaces/srv/_stop_3d_mapping.py)
Linked: (/home/safmc/catkin_ws/devel/.private/zed_interfaces/lib/python2.7/dist-packages/zed_interfaces/srv/_stop_svo_recording.py, /home/safmc/catkin_ws/devel/lib/python2.7/dist-packages/zed_interfaces/srv/_stop_svo_recording.py)
Linked: (/home/safmc/catkin_ws/devel/.private/zed_interfaces/share/zed_interfaces/cmake/zed_interfaces-msg-paths.cmake, /home/safmc/catkin_ws/devel/share/zed_interfaces/cmake/zed_interfaces-msg-paths.cmake)
Linked: (/home/safmc/catkin_ws/devel/.private/zed_interfaces/share/zed_interfaces/cmake/zed_interfacesConfig-version.cmake, /home/safmc/catkin_ws/devel/share/zed_interfaces/cmake/zed_interfacesConfig-version.cmake)
Linked: (/home/safmc/catkin_ws/devel/.private/zed_interfaces/share/zed_interfaces/cmake/zed_interfacesConfig.cmake, /home/safmc/catkin_ws/devel/share/zed_interfaces/cmake/zed_interfacesConfig.cmake)
Linked: (/home/safmc/catkin_ws/devel/.private/zed_interfaces/share/zed_interfaces/cmake/zed_interfaces-msg-extras.cmake, /home/safmc/catkin_ws/devel/share/zed_interfaces/cmake/zed_interfaces-msg-extras.cmake)
Linked: (/home/safmc/catkin_ws/devel/.private/zed_interfaces/share/common-lisp/ros/zed_interfaces/msg/Objects.lisp, /home/safmc/catkin_ws/devel/share/common-lisp/ros/zed_interfaces/msg/Objects.lisp)
Linked: (/home/safmc/catkin_ws/devel/.private/zed_interfaces/share/common-lisp/ros/zed_interfaces/msg/RGBDSensors.lisp, /home/safmc/catkin_ws/devel/share/common-lisp/ros/zed_interfaces/msg/RGBDSensors.lisp)
Linked: (/home/safmc/catkin_ws/devel/.private/zed_interfaces/share/common-lisp/ros/zed_interfaces/msg/_package_Objects.lisp, /home/safmc/catkin_ws/devel/share/common-lisp/ros/zed_interfaces/msg/_package_Objects.lisp)
Linked: (/home/safmc/catkin_ws/devel/.private/zed_interfaces/share/common-lisp/ros/zed_interfaces/msg/_package_ObjectStamped.lisp, /home/safmc/catkin_ws/devel/share/common-lisp/ros/zed_interfaces/msg/_package_ObjectStamped.lisp)
Linked: (/home/safmc/catkin_ws/devel/.private/zed_interfaces/share/common-lisp/ros/zed_interfaces/msg/ObjectStamped.lisp, /home/safmc/catkin_ws/devel/share/common-lisp/ros/zed_interfaces/msg/ObjectStamped.lisp)
Linked: (/home/safmc/catkin_ws/devel/.private/zed_interfaces/share/common-lisp/ros/zed_interfaces/msg/_package.lisp, /home/safmc/catkin_ws/devel/share/common-lisp/ros/zed_interfaces/msg/_package.lisp)
Linked: (/home/safmc/catkin_ws/devel/.private/zed_interfaces/share/common-lisp/ros/zed_interfaces/msg/zed_interfaces-msg.asd, /home/safmc/catkin_ws/devel/share/common-lisp/ros/zed_interfaces/msg/zed_interfaces-msg.asd)
Linked: (/home/safmc/catkin_ws/devel/.private/zed_interfaces/share/common-lisp/ros/zed_interfaces/msg/_package_RGBDSensors.lisp, /home/safmc/catkin_ws/devel/share/common-lisp/ros/zed_interfaces/msg/_package_RGBDSensors.lisp)
Linked: (/home/safmc/catkin_ws/devel/.private/zed_interfaces/share/common-lisp/ros/zed_interfaces/srv/start_remote_stream.lisp, /home/safmc/catkin_ws/devel/share/common-lisp/ros/zed_interfaces/srv/start_remote_stream.lisp)
Linked: (/home/safmc/catkin_ws/devel/.private/zed_interfaces/share/common-lisp/ros/zed_interfaces/srv/_package_start_object_detection.lisp, /home/safmc/catkin_ws/devel/share/common-lisp/ros/zed_interfaces/srv/_package_start_object_detection.lisp)
Linked: (/home/safmc/catkin_ws/devel/.private/zed_interfaces/share/common-lisp/ros/zed_interfaces/srv/_package_reset_tracking.lisp, /home/safmc/catkin_ws/devel/share/common-lisp/ros/zed_interfaces/srv/_package_reset_tracking.lisp)
Linked: (/home/safmc/catkin_ws/devel/.private/zed_interfaces/share/common-lisp/ros/zed_interfaces/srv/set_pose.lisp, /home/safmc/catkin_ws/devel/share/common-lisp/ros/zed_interfaces/srv/set_pose.lisp)
Linked: (/home/safmc/catkin_ws/devel/.private/zed_interfaces/share/common-lisp/ros/zed_interfaces/srv/stop_object_detection.lisp, /home/safmc/catkin_ws/devel/share/common-lisp/ros/zed_interfaces/srv/stop_object_detection.lisp)
Linked: (/home/safmc/catkin_ws/devel/.private/zed_interfaces/share/common-lisp/ros/zed_interfaces/srv/_package_set_led_status.lisp, /home/safmc/catkin_ws/devel/share/common-lisp/ros/zed_interfaces/srv/_package_set_led_status.lisp)
Linked: (/home/safmc/catkin_ws/devel/.private/zed_interfaces/share/common-lisp/ros/zed_interfaces/srv/set_led_status.lisp, /home/safmc/catkin_ws/devel/share/common-lisp/ros/zed_interfaces/srv/set_led_status.lisp)
Linked: (/home/safmc/catkin_ws/devel/.private/zed_interfaces/share/common-lisp/ros/zed_interfaces/srv/_package_start_3d_mapping.lisp, /home/safmc/catkin_ws/devel/share/common-lisp/ros/zed_interfaces/srv/_package_start_3d_mapping.lisp)
Linked: (/home/safmc/catkin_ws/devel/.private/zed_interfaces/share/common-lisp/ros/zed_interfaces/srv/_package_stop_remote_stream.lisp, /home/safmc/catkin_ws/devel/share/common-lisp/ros/zed_interfaces/srv/_package_stop_remote_stream.lisp)
Linked: (/home/safmc/catkin_ws/devel/.private/zed_interfaces/share/common-lisp/ros/zed_interfaces/srv/toggle_led.lisp, /home/safmc/catkin_ws/devel/share/common-lisp/ros/zed_interfaces/srv/toggle_led.lisp)
Linked: (/home/safmc/catkin_ws/devel/.private/zed_interfaces/share/common-lisp/ros/zed_interfaces/srv/start_3d_mapping.lisp, /home/safmc/catkin_ws/devel/share/common-lisp/ros/zed_interfaces/srv/start_3d_mapping.lisp)
Linked: (/home/safmc/catkin_ws/devel/.private/zed_interfaces/share/common-lisp/ros/zed_interfaces/srv/_package_stop_svo_recording.lisp, /home/safmc/catkin_ws/devel/share/common-lisp/ros/zed_interfaces/srv/_package_stop_svo_recording.lisp)
Linked: (/home/safmc/catkin_ws/devel/.private/zed_interfaces/share/common-lisp/ros/zed_interfaces/srv/reset_tracking.lisp, /home/safmc/catkin_ws/devel/share/common-lisp/ros/zed_interfaces/srv/reset_tracking.lisp)
Linked: (/home/safmc/catkin_ws/devel/.private/zed_interfaces/share/common-lisp/ros/zed_interfaces/srv/start_svo_recording.lisp, /home/safmc/catkin_ws/devel/share/common-lisp/ros/zed_interfaces/srv/start_svo_recording.lisp)
Linked: (/home/safmc/catkin_ws/devel/.private/zed_interfaces/share/common-lisp/ros/zed_interfaces/srv/_package_stop_object_detection.lisp, /home/safmc/catkin_ws/devel/share/common-lisp/ros/zed_interfaces/srv/_package_stop_object_detection.lisp)
Linked: (/home/safmc/catkin_ws/devel/.private/zed_interfaces/share/common-lisp/ros/zed_interfaces/srv/start_object_detection.lisp, /home/safmc/catkin_ws/devel/share/common-lisp/ros/zed_interfaces/srv/start_object_detection.lisp)
Linked: (/home/safmc/catkin_ws/devel/.private/zed_interfaces/share/common-lisp/ros/zed_interfaces/srv/stop_remote_stream.lisp, /home/safmc/catkin_ws/devel/share/common-lisp/ros/zed_interfaces/srv/stop_remote_stream.lisp)
Linked: (/home/safmc/catkin_ws/devel/.private/zed_interfaces/share/common-lisp/ros/zed_interfaces/srv/_package_toggle_led.lisp, /home/safmc/catkin_ws/devel/share/common-lisp/ros/zed_interfaces/srv/_package_toggle_led.lisp)
Linked: (/home/safmc/catkin_ws/devel/.private/zed_interfaces/share/common-lisp/ros/zed_interfaces/srv/reset_odometry.lisp, /home/safmc/catkin_ws/devel/share/common-lisp/ros/zed_interfaces/srv/reset_odometry.lisp)
Linked: (/home/safmc/catkin_ws/devel/.private/zed_interfaces/share/common-lisp/ros/zed_interfaces/srv/_package.lisp, /home/safmc/catkin_ws/devel/share/common-lisp/ros/zed_interfaces/srv/_package.lisp)
Linked: (/home/safmc/catkin_ws/devel/.private/zed_interfaces/share/common-lisp/ros/zed_interfaces/srv/_package_reset_odometry.lisp, /home/safmc/catkin_ws/devel/share/common-lisp/ros/zed_interfaces/srv/_package_reset_odometry.lisp)
Linked: (/home/safmc/catkin_ws/devel/.private/zed_interfaces/share/common-lisp/ros/zed_interfaces/srv/stop_3d_mapping.lisp, /home/safmc/catkin_ws/devel/share/common-lisp/ros/zed_interfaces/srv/stop_3d_mapping.lisp)
Linked: (/home/safmc/catkin_ws/devel/.private/zed_interfaces/share/common-lisp/ros/zed_interfaces/srv/stop_svo_recording.lisp, /home/safmc/catkin_ws/devel/share/common-lisp/ros/zed_interfaces/srv/stop_svo_recording.lisp)
Linked: (/home/safmc/catkin_ws/devel/.private/zed_interfaces/share/common-lisp/ros/zed_interfaces/srv/_package_start_svo_recording.lisp, /home/safmc/catkin_ws/devel/share/common-lisp/ros/zed_interfaces/srv/_package_start_svo_recording.lisp)
Linked: (/home/safmc/catkin_ws/devel/.private/zed_interfaces/share/common-lisp/ros/zed_interfaces/srv/_package_start_remote_stream.lisp, /home/safmc/catkin_ws/devel/share/common-lisp/ros/zed_interfaces/srv/_package_start_remote_stream.lisp)
Linked: (/home/safmc/catkin_ws/devel/.private/zed_interfaces/share/common-lisp/ros/zed_interfaces/srv/zed_interfaces-srv.asd, /home/safmc/catkin_ws/devel/share/common-lisp/ros/zed_interfaces/srv/zed_interfaces-srv.asd)
Linked: (/home/safmc/catkin_ws/devel/.private/zed_interfaces/share/common-lisp/ros/zed_interfaces/srv/_package_stop_3d_mapping.lisp, /home/safmc/catkin_ws/devel/share/common-lisp/ros/zed_interfaces/srv/_package_stop_3d_mapping.lisp)
Linked: (/home/safmc/catkin_ws/devel/.private/zed_interfaces/share/common-lisp/ros/zed_interfaces/srv/_package_set_pose.lisp, /home/safmc/catkin_ws/devel/share/common-lisp/ros/zed_interfaces/srv/_package_set_pose.lisp)
Linked: (/home/safmc/catkin_ws/devel/.private/zed_interfaces/share/roseus/ros/zed_interfaces/manifest.l, /home/safmc/catkin_ws/devel/share/roseus/ros/zed_interfaces/manifest.l)
Linked: (/home/safmc/catkin_ws/devel/.private/zed_interfaces/share/roseus/ros/zed_interfaces/msg/RGBDSensors.l, /home/safmc/catkin_ws/devel/share/roseus/ros/zed_interfaces/msg/RGBDSensors.l)
Linked: (/home/safmc/catkin_ws/devel/.private/zed_interfaces/share/roseus/ros/zed_interfaces/msg/ObjectStamped.l, /home/safmc/catkin_ws/devel/share/roseus/ros/zed_interfaces/msg/ObjectStamped.l)
Linked: (/home/safmc/catkin_ws/devel/.private/zed_interfaces/share/roseus/ros/zed_interfaces/msg/Objects.l, /home/safmc/catkin_ws/devel/share/roseus/ros/zed_interfaces/msg/Objects.l)
Linked: (/home/safmc/catkin_ws/devel/.private/zed_interfaces/share/roseus/ros/zed_interfaces/srv/stop_3d_mapping.l, /home/safmc/catkin_ws/devel/share/roseus/ros/zed_interfaces/srv/stop_3d_mapping.l)
Linked: (/home/safmc/catkin_ws/devel/.private/zed_interfaces/share/roseus/ros/zed_interfaces/srv/start_object_detection.l, /home/safmc/catkin_ws/devel/share/roseus/ros/zed_interfaces/srv/start_object_detection.l)
Linked: (/home/safmc/catkin_ws/devel/.private/zed_interfaces/share/roseus/ros/zed_interfaces/srv/toggle_led.l, /home/safmc/catkin_ws/devel/share/roseus/ros/zed_interfaces/srv/toggle_led.l)
Linked: (/home/safmc/catkin_ws/devel/.private/zed_interfaces/share/roseus/ros/zed_interfaces/srv/start_remote_stream.l, /home/safmc/catkin_ws/devel/share/roseus/ros/zed_interfaces/srv/start_remote_stream.l)
Linked: (/home/safmc/catkin_ws/devel/.private/zed_interfaces/share/roseus/ros/zed_interfaces/srv/stop_svo_recording.l, /home/safmc/catkin_ws/devel/share/roseus/ros/zed_interfaces/srv/stop_svo_recording.l)
Linked: (/home/safmc/catkin_ws/devel/.private/zed_interfaces/share/roseus/ros/zed_interfaces/srv/set_led_status.l, /home/safmc/catkin_ws/devel/share/roseus/ros/zed_interfaces/srv/set_led_status.l)
Linked: (/home/safmc/catkin_ws/devel/.private/zed_interfaces/share/roseus/ros/zed_interfaces/srv/set_pose.l, /home/safmc/catkin_ws/devel/share/roseus/ros/zed_interfaces/srv/set_pose.l)
Linked: (/home/safmc/catkin_ws/devel/.private/zed_interfaces/share/roseus/ros/zed_interfaces/srv/reset_tracking.l, /home/safmc/catkin_ws/devel/share/roseus/ros/zed_interfaces/srv/reset_tracking.l)
Linked: (/home/safmc/catkin_ws/devel/.private/zed_interfaces/share/roseus/ros/zed_interfaces/srv/reset_odometry.l, /home/safmc/catkin_ws/devel/share/roseus/ros/zed_interfaces/srv/reset_odometry.l)
Linked: (/home/safmc/catkin_ws/devel/.private/zed_interfaces/share/roseus/ros/zed_interfaces/srv/stop_remote_stream.l, /home/safmc/catkin_ws/devel/share/roseus/ros/zed_interfaces/srv/stop_remote_stream.l)
Linked: (/home/safmc/catkin_ws/devel/.private/zed_interfaces/share/roseus/ros/zed_interfaces/srv/start_3d_mapping.l, /home/safmc/catkin_ws/devel/share/roseus/ros/zed_interfaces/srv/start_3d_mapping.l)
Linked: (/home/safmc/catkin_ws/devel/.private/zed_interfaces/share/roseus/ros/zed_interfaces/srv/stop_object_detection.l, /home/safmc/catkin_ws/devel/share/roseus/ros/zed_interfaces/srv/stop_object_detection.l)
Linked: (/home/safmc/catkin_ws/devel/.private/zed_interfaces/share/roseus/ros/zed_interfaces/srv/start_svo_recording.l, /home/safmc/catkin_ws/devel/share/roseus/ros/zed_interfaces/srv/start_svo_recording.l)
Linked: (/home/safmc/catkin_ws/devel/.private/zed_interfaces/share/gennodejs/ros/zed_interfaces/_index.js, /home/safmc/catkin_ws/devel/share/gennodejs/ros/zed_interfaces/_index.js)
Linked: (/home/safmc/catkin_ws/devel/.private/zed_interfaces/share/gennodejs/ros/zed_interfaces/msg/Objects.js, /home/safmc/catkin_ws/devel/share/gennodejs/ros/zed_interfaces/msg/Objects.js)
Linked: (/home/safmc/catkin_ws/devel/.private/zed_interfaces/share/gennodejs/ros/zed_interfaces/msg/RGBDSensors.js, /home/safmc/catkin_ws/devel/share/gennodejs/ros/zed_interfaces/msg/RGBDSensors.js)
Linked: (/home/safmc/catkin_ws/devel/.private/zed_interfaces/share/gennodejs/ros/zed_interfaces/msg/_index.js, /home/safmc/catkin_ws/devel/share/gennodejs/ros/zed_interfaces/msg/_index.js)
Linked: (/home/safmc/catkin_ws/devel/.private/zed_interfaces/share/gennodejs/ros/zed_interfaces/msg/ObjectStamped.js, /home/safmc/catkin_ws/devel/share/gennodejs/ros/zed_interfaces/msg/ObjectStamped.js)
Linked: (/home/safmc/catkin_ws/devel/.private/zed_interfaces/share/gennodejs/ros/zed_interfaces/srv/start_remote_stream.js, /home/safmc/catkin_ws/devel/share/gennodejs/ros/zed_interfaces/srv/start_remote_stream.js)
Linked: (/home/safmc/catkin_ws/devel/.private/zed_interfaces/share/gennodejs/ros/zed_interfaces/srv/reset_tracking.js, /home/safmc/catkin_ws/devel/share/gennodejs/ros/zed_interfaces/srv/reset_tracking.js)
Linked: (/home/safmc/catkin_ws/devel/.private/zed_interfaces/share/gennodejs/ros/zed_interfaces/srv/reset_odometry.js, /home/safmc/catkin_ws/devel/share/gennodejs/ros/zed_interfaces/srv/reset_odometry.js)
Linked: (/home/safmc/catkin_ws/devel/.private/zed_interfaces/share/gennodejs/ros/zed_interfaces/srv/toggle_led.js, /home/safmc/catkin_ws/devel/share/gennodejs/ros/zed_interfaces/srv/toggle_led.js)
Linked: (/home/safmc/catkin_ws/devel/.private/zed_interfaces/share/gennodejs/ros/zed_interfaces/srv/set_led_status.js, /home/safmc/catkin_ws/devel/share/gennodejs/ros/zed_interfaces/srv/set_led_status.js)
Linked: (/home/safmc/catkin_ws/devel/.private/zed_interfaces/share/gennodejs/ros/zed_interfaces/srv/stop_remote_stream.js, /home/safmc/catkin_ws/devel/share/gennodejs/ros/zed_interfaces/srv/stop_remote_stream.js)
Linked: (/home/safmc/catkin_ws/devel/.private/zed_interfaces/share/gennodejs/ros/zed_interfaces/srv/stop_object_detection.js, /home/safmc/catkin_ws/devel/share/gennodejs/ros/zed_interfaces/srv/stop_object_detection.js)
Linked: (/home/safmc/catkin_ws/devel/.private/zed_interfaces/share/gennodejs/ros/zed_interfaces/srv/start_3d_mapping.js, /home/safmc/catkin_ws/devel/share/gennodejs/ros/zed_interfaces/srv/start_3d_mapping.js)
Linked: (/home/safmc/catkin_ws/devel/.private/zed_interfaces/share/gennodejs/ros/zed_interfaces/srv/stop_svo_recording.js, /home/safmc/catkin_ws/devel/share/gennodejs/ros/zed_interfaces/srv/stop_svo_recording.js)
Linked: (/home/safmc/catkin_ws/devel/.private/zed_interfaces/share/gennodejs/ros/zed_interfaces/srv/_index.js, /home/safmc/catkin_ws/devel/share/gennodejs/ros/zed_interfaces/srv/_index.js)
Linked: (/home/safmc/catkin_ws/devel/.private/zed_interfaces/share/gennodejs/ros/zed_interfaces/srv/start_object_detection.js, /home/safmc/catkin_ws/devel/share/gennodejs/ros/zed_interfaces/srv/start_object_detection.js)
Linked: (/home/safmc/catkin_ws/devel/.private/zed_interfaces/share/gennodejs/ros/zed_interfaces/srv/stop_3d_mapping.js, /home/safmc/catkin_ws/devel/share/gennodejs/ros/zed_interfaces/srv/stop_3d_mapping.js)
Linked: (/home/safmc/catkin_ws/devel/.private/zed_interfaces/share/gennodejs/ros/zed_interfaces/srv/set_pose.js, /home/safmc/catkin_ws/devel/share/gennodejs/ros/zed_interfaces/srv/set_pose.js)
Linked: (/home/safmc/catkin_ws/devel/.private/zed_interfaces/share/gennodejs/ros/zed_interfaces/srv/start_svo_recording.js, /home/safmc/catkin_ws/devel/share/gennodejs/ros/zed_interfaces/srv/start_svo_recording.js)
Linked: (/home/safmc/catkin_ws/devel/.private/zed_interfaces/include/zed_interfaces/start_object_detection.h, /home/safmc/catkin_ws/devel/include/zed_interfaces/start_object_detection.h)
Linked: (/home/safmc/catkin_ws/devel/.private/zed_interfaces/include/zed_interfaces/Objects.h, /home/safmc/catkin_ws/devel/include/zed_interfaces/Objects.h)
Linked: (/home/safmc/catkin_ws/devel/.private/zed_interfaces/include/zed_interfaces/stop_remote_streamResponse.h, /home/safmc/catkin_ws/devel/include/zed_interfaces/stop_remote_streamResponse.h)
Linked: (/home/safmc/catkin_ws/devel/.private/zed_interfaces/include/zed_interfaces/stop_svo_recordingRequest.h, /home/safmc/catkin_ws/devel/include/zed_interfaces/stop_svo_recordingRequest.h)
Linked: (/home/safmc/catkin_ws/devel/.private/zed_interfaces/include/zed_interfaces/stop_remote_streamRequest.h, /home/safmc/catkin_ws/devel/include/zed_interfaces/stop_remote_streamRequest.h)
Linked: (/home/safmc/catkin_ws/devel/.private/zed_interfaces/include/zed_interfaces/toggle_ledResponse.h, /home/safmc/catkin_ws/devel/include/zed_interfaces/toggle_ledResponse.h)
Linked: (/home/safmc/catkin_ws/devel/.private/zed_interfaces/include/zed_interfaces/RGBDSensors.h, /home/safmc/catkin_ws/devel/include/zed_interfaces/RGBDSensors.h)
Linked: (/home/safmc/catkin_ws/devel/.private/zed_interfaces/include/zed_interfaces/start_object_detectionRequest.h, /home/safmc/catkin_ws/devel/include/zed_interfaces/start_object_detectionRequest.h)
Linked: (/home/safmc/catkin_ws/devel/.private/zed_interfaces/include/zed_interfaces/stop_object_detection.h, /home/safmc/catkin_ws/devel/include/zed_interfaces/stop_object_detection.h)
Linked: (/home/safmc/catkin_ws/devel/.private/zed_interfaces/include/zed_interfaces/reset_trackingRequest.h, /home/safmc/catkin_ws/devel/include/zed_interfaces/reset_trackingRequest.h)
Linked: (/home/safmc/catkin_ws/devel/.private/zed_interfaces/include/zed_interfaces/set_poseResponse.h, /home/safmc/catkin_ws/devel/include/zed_interfaces/set_poseResponse.h)
Linked: (/home/safmc/catkin_ws/devel/.private/zed_interfaces/include/zed_interfaces/reset_odometryRequest.h, /home/safmc/catkin_ws/devel/include/zed_interfaces/reset_odometryRequest.h)
Linked: (/home/safmc/catkin_ws/devel/.private/zed_interfaces/include/zed_interfaces/start_3d_mappingResponse.h, /home/safmc/catkin_ws/devel/include/zed_interfaces/start_3d_mappingResponse.h)
Linked: (/home/safmc/catkin_ws/devel/.private/zed_interfaces/include/zed_interfaces/start_svo_recordingResponse.h, /home/safmc/catkin_ws/devel/include/zed_interfaces/start_svo_recordingResponse.h)
Linked: (/home/safmc/catkin_ws/devel/.private/zed_interfaces/include/zed_interfaces/stop_object_detectionRequest.h, /home/safmc/catkin_ws/devel/include/zed_interfaces/stop_object_detectionRequest.h)
Linked: (/home/safmc/catkin_ws/devel/.private/zed_interfaces/include/zed_interfaces/reset_odometryResponse.h, /home/safmc/catkin_ws/devel/include/zed_interfaces/reset_odometryResponse.h)
Linked: (/home/safmc/catkin_ws/devel/.private/zed_interfaces/include/zed_interfaces/start_object_detectionResponse.h, /home/safmc/catkin_ws/devel/include/zed_interfaces/start_object_detectionResponse.h)
Linked: (/home/safmc/catkin_ws/devel/.private/zed_interfaces/include/zed_interfaces/start_remote_stream.h, /home/safmc/catkin_ws/devel/include/zed_interfaces/start_remote_stream.h)
Linked: (/home/safmc/catkin_ws/devel/.private/zed_interfaces/include/zed_interfaces/stop_3d_mapping.h, /home/safmc/catkin_ws/devel/include/zed_interfaces/stop_3d_mapping.h)
Linked: (/home/safmc/catkin_ws/devel/.private/zed_interfaces/include/zed_interfaces/start_3d_mapping.h, /home/safmc/catkin_ws/devel/include/zed_interfaces/start_3d_mapping.h)
Linked: (/home/safmc/catkin_ws/devel/.private/zed_interfaces/include/zed_interfaces/reset_odometry.h, /home/safmc/catkin_ws/devel/include/zed_interfaces/reset_odometry.h)
Linked: (/home/safmc/catkin_ws/devel/.private/zed_interfaces/include/zed_interfaces/set_pose.h, /home/safmc/catkin_ws/devel/include/zed_interfaces/set_pose.h)
Linked: (/home/safmc/catkin_ws/devel/.private/zed_interfaces/include/zed_interfaces/stop_svo_recording.h, /home/safmc/catkin_ws/devel/include/zed_interfaces/stop_svo_recording.h)
Linked: (/home/safmc/catkin_ws/devel/.private/zed_interfaces/include/zed_interfaces/reset_trackingResponse.h, /home/safmc/catkin_ws/devel/include/zed_interfaces/reset_trackingResponse.h)
Linked: (/home/safmc/catkin_ws/devel/.private/zed_interfaces/include/zed_interfaces/stop_svo_recordingResponse.h, /home/safmc/catkin_ws/devel/include/zed_interfaces/stop_svo_recordingResponse.h)
Linked: (/home/safmc/catkin_ws/devel/.private/zed_interfaces/include/zed_interfaces/stop_3d_mappingRequest.h, /home/safmc/catkin_ws/devel/include/zed_interfaces/stop_3d_mappingRequest.h)
Linked: (/home/safmc/catkin_ws/devel/.private/zed_interfaces/include/zed_interfaces/set_led_statusResponse.h, /home/safmc/catkin_ws/devel/include/zed_interfaces/set_led_statusResponse.h)
Linked: (/home/safmc/catkin_ws/devel/.private/zed_interfaces/include/zed_interfaces/set_led_status.h, /home/safmc/catkin_ws/devel/include/zed_interfaces/set_led_status.h)
Linked: (/home/safmc/catkin_ws/devel/.private/zed_interfaces/include/zed_interfaces/toggle_led.h, /home/safmc/catkin_ws/devel/include/zed_interfaces/toggle_led.h)
Linked: (/home/safmc/catkin_ws/devel/.private/zed_interfaces/include/zed_interfaces/start_remote_streamResponse.h, /home/safmc/catkin_ws/devel/include/zed_interfaces/start_remote_streamResponse.h)
Linked: (/home/safmc/catkin_ws/devel/.private/zed_interfaces/include/zed_interfaces/set_poseRequest.h, /home/safmc/catkin_ws/devel/include/zed_interfaces/set_poseRequest.h)
Linked: (/home/safmc/catkin_ws/devel/.private/zed_interfaces/include/zed_interfaces/start_3d_mappingRequest.h, /home/safmc/catkin_ws/devel/include/zed_interfaces/start_3d_mappingRequest.h)
Linked: (/home/safmc/catkin_ws/devel/.private/zed_interfaces/include/zed_interfaces/set_led_statusRequest.h, /home/safmc/catkin_ws/devel/include/zed_interfaces/set_led_statusRequest.h)
Linked: (/home/safmc/catkin_ws/devel/.private/zed_interfaces/include/zed_interfaces/start_svo_recordingRequest.h, /home/safmc/catkin_ws/devel/include/zed_interfaces/start_svo_recordingRequest.h)
Linked: (/home/safmc/catkin_ws/devel/.private/zed_interfaces/include/zed_interfaces/start_svo_recording.h, /home/safmc/catkin_ws/devel/include/zed_interfaces/start_svo_recording.h)
Linked: (/home/safmc/catkin_ws/devel/.private/zed_interfaces/include/zed_interfaces/stop_remote_stream.h, /home/safmc/catkin_ws/devel/include/zed_interfaces/stop_remote_stream.h)
Linked: (/home/safmc/catkin_ws/devel/.private/zed_interfaces/include/zed_interfaces/ObjectStamped.h, /home/safmc/catkin_ws/devel/include/zed_interfaces/ObjectStamped.h)
Linked: (/home/safmc/catkin_ws/devel/.private/zed_interfaces/include/zed_interfaces/start_remote_streamRequest.h, /home/safmc/catkin_ws/devel/include/zed_interfaces/start_remote_streamRequest.h)
Linked: (/home/safmc/catkin_ws/devel/.private/zed_interfaces/include/zed_interfaces/toggle_ledRequest.h, /home/safmc/catkin_ws/devel/include/zed_interfaces/toggle_ledRequest.h)
Linked: (/home/safmc/catkin_ws/devel/.private/zed_interfaces/include/zed_interfaces/stop_object_detectionResponse.h, /home/safmc/catkin_ws/devel/include/zed_interfaces/stop_object_detectionResponse.h)
Linked: (/home/safmc/catkin_ws/devel/.private/zed_interfaces/include/zed_interfaces/reset_tracking.h, /home/safmc/catkin_ws/devel/include/zed_interfaces/reset_tracking.h)
Linked: (/home/safmc/catkin_ws/devel/.private/zed_interfaces/include/zed_interfaces/stop_3d_mappingResponse.h, /home/safmc/catkin_ws/devel/include/zed_interfaces/stop_3d_mappingResponse.h)
