Determining if the pthread_create exist failed with the following output:
Change Dir: /home/safmc/catkin_ws/build/teraranger/CMakeFiles/CMakeTmp

Run Build Command:"/usr/bin/make" "cmTC_a43e2/fast"
/usr/bin/make -f CMakeFiles/cmTC_a43e2.dir/build.make CMakeFiles/cmTC_a43e2.dir/build
make[1]: Entering directory '/home/safmc/catkin_ws/build/teraranger/CMakeFiles/CMakeTmp'
Building C object CMakeFiles/cmTC_a43e2.dir/CheckSymbolExists.c.o
/usr/bin/cc    -o CMakeFiles/cmTC_a43e2.dir/CheckSymbolExists.c.o   -c /home/safmc/catkin_ws/build/teraranger/CMakeFiles/CMakeTmp/CheckSymbolExists.c
Linking C executable cmTC_a43e2
/usr/bin/cmake -E cmake_link_script CMakeFiles/cmTC_a43e2.dir/link.txt --verbose=1
/usr/bin/cc      -rdynamic CMakeFiles/cmTC_a43e2.dir/CheckSymbolExists.c.o  -o cmTC_a43e2 
CMakeFiles/cmTC_a43e2.dir/CheckSymbolExists.c.o: In function `main':
CheckSymbolExists.c:(.text+0x14): undefined reference to `pthread_create'
CheckSymbolExists.c:(.text+0x18): undefined reference to `pthread_create'
collect2: error: ld returned 1 exit status
CMakeFiles/cmTC_a43e2.dir/build.make:97: recipe for target 'cmTC_a43e2' failed
make[1]: *** [cmTC_a43e2] Error 1
make[1]: Leaving directory '/home/safmc/catkin_ws/build/teraranger/CMakeFiles/CMakeTmp'
Makefile:126: recipe for target 'cmTC_a43e2/fast' failed
make: *** [cmTC_a43e2/fast] Error 2

File /home/safmc/catkin_ws/build/teraranger/CMakeFiles/CMakeTmp/CheckSymbolExists.c:
/* */
#include <pthread.h>

int main(int argc, char** argv)
{
  (void)argv;
#ifndef pthread_create
  return ((int*)(&pthread_create))[argc];
#else
  (void)argc;
  return 0;
#endif
}

Determining if the function pthread_create exists in the pthreads failed with the following output:
Change Dir: /home/safmc/catkin_ws/build/teraranger/CMakeFiles/CMakeTmp

Run Build Command:"/usr/bin/make" "cmTC_4ebd8/fast"
/usr/bin/make -f CMakeFiles/cmTC_4ebd8.dir/build.make CMakeFiles/cmTC_4ebd8.dir/build
make[1]: Entering directory '/home/safmc/catkin_ws/build/teraranger/CMakeFiles/CMakeTmp'
Building C object CMakeFiles/cmTC_4ebd8.dir/CheckFunctionExists.c.o
/usr/bin/cc   -DCHECK_FUNCTION_EXISTS=pthread_create   -o CMakeFiles/cmTC_4ebd8.dir/CheckFunctionExists.c.o   -c /usr/share/cmake-3.10/Modules/CheckFunctionExists.c
Linking C executable cmTC_4ebd8
/usr/bin/cmake -E cmake_link_script CMakeFiles/cmTC_4ebd8.dir/link.txt --verbose=1
/usr/bin/cc  -DCHECK_FUNCTION_EXISTS=pthread_create    -rdynamic CMakeFiles/cmTC_4ebd8.dir/CheckFunctionExists.c.o  -o cmTC_4ebd8 -lpthreads 
/usr/bin/ld: cannot find -lpthreads
collect2: error: ld returned 1 exit status
CMakeFiles/cmTC_4ebd8.dir/build.make:97: recipe for target 'cmTC_4ebd8' failed
make[1]: *** [cmTC_4ebd8] Error 1
make[1]: Leaving directory '/home/safmc/catkin_ws/build/teraranger/CMakeFiles/CMakeTmp'
Makefile:126: recipe for target 'cmTC_4ebd8/fast' failed
make: *** [cmTC_4ebd8/fast] Error 2


