Determining if the pthread_create exist failed with the following output:
Change Dir: /home/safmc/catkin_ws/build/zed_window_sub/CMakeFiles/CMakeTmp

Run Build Command:"/usr/bin/make" "cmTC_2a97b/fast"
/usr/bin/make -f CMakeFiles/cmTC_2a97b.dir/build.make CMakeFiles/cmTC_2a97b.dir/build
make[1]: Entering directory '/home/safmc/catkin_ws/build/zed_window_sub/CMakeFiles/CMakeTmp'
Building C object CMakeFiles/cmTC_2a97b.dir/CheckSymbolExists.c.o
/usr/bin/cc    -o CMakeFiles/cmTC_2a97b.dir/CheckSymbolExists.c.o   -c /home/safmc/catkin_ws/build/zed_window_sub/CMakeFiles/CMakeTmp/CheckSymbolExists.c
Linking C executable cmTC_2a97b
/usr/bin/cmake -E cmake_link_script CMakeFiles/cmTC_2a97b.dir/link.txt --verbose=1
/usr/bin/cc      -rdynamic CMakeFiles/cmTC_2a97b.dir/CheckSymbolExists.c.o  -o cmTC_2a97b 
CMakeFiles/cmTC_2a97b.dir/CheckSymbolExists.c.o: In function `main':
CheckSymbolExists.c:(.text+0x14): undefined reference to `pthread_create'
CheckSymbolExists.c:(.text+0x18): undefined reference to `pthread_create'
collect2: error: ld returned 1 exit status
CMakeFiles/cmTC_2a97b.dir/build.make:97: recipe for target 'cmTC_2a97b' failed
make[1]: *** [cmTC_2a97b] Error 1
make[1]: Leaving directory '/home/safmc/catkin_ws/build/zed_window_sub/CMakeFiles/CMakeTmp'
Makefile:126: recipe for target 'cmTC_2a97b/fast' failed
make: *** [cmTC_2a97b/fast] Error 2

File /home/safmc/catkin_ws/build/zed_window_sub/CMakeFiles/CMakeTmp/CheckSymbolExists.c:
/* */
#include <pthread.h>

int main(int argc, char** argv)
{
  (void)argv;
#ifndef pthread_create
  return ((int*)(&pthread_create))[argc];
#else
  (void)argc;
  return 0;
#endif
}

Determining if the function pthread_create exists in the pthreads failed with the following output:
Change Dir: /home/safmc/catkin_ws/build/zed_window_sub/CMakeFiles/CMakeTmp

Run Build Command:"/usr/bin/make" "cmTC_34f36/fast"
/usr/bin/make -f CMakeFiles/cmTC_34f36.dir/build.make CMakeFiles/cmTC_34f36.dir/build
make[1]: Entering directory '/home/safmc/catkin_ws/build/zed_window_sub/CMakeFiles/CMakeTmp'
Building C object CMakeFiles/cmTC_34f36.dir/CheckFunctionExists.c.o
/usr/bin/cc   -DCHECK_FUNCTION_EXISTS=pthread_create   -o CMakeFiles/cmTC_34f36.dir/CheckFunctionExists.c.o   -c /usr/share/cmake-3.10/Modules/CheckFunctionExists.c
Linking C executable cmTC_34f36
/usr/bin/cmake -E cmake_link_script CMakeFiles/cmTC_34f36.dir/link.txt --verbose=1
/usr/bin/cc  -DCHECK_FUNCTION_EXISTS=pthread_create    -rdynamic CMakeFiles/cmTC_34f36.dir/CheckFunctionExists.c.o  -o cmTC_34f36 -lpthreads 
/usr/bin/ld: cannot find -lpthreads
collect2: error: ld returned 1 exit status
CMakeFiles/cmTC_34f36.dir/build.make:97: recipe for target 'cmTC_34f36' failed
make[1]: *** [cmTC_34f36] Error 1
make[1]: Leaving directory '/home/safmc/catkin_ws/build/zed_window_sub/CMakeFiles/CMakeTmp'
Makefile:126: recipe for target 'cmTC_34f36/fast' failed
make: *** [cmTC_34f36/fast] Error 2


