Determining if the pthread_create exist failed with the following output:
Change Dir: /home/safmc/catkin_ws/build/mavros_msgs/CMakeFiles/CMakeTmp

Run Build Command:"/usr/bin/make" "cmTC_58448/fast"
/usr/bin/make -f CMakeFiles/cmTC_58448.dir/build.make CMakeFiles/cmTC_58448.dir/build
make[1]: Entering directory '/home/safmc/catkin_ws/build/mavros_msgs/CMakeFiles/CMakeTmp'
Building C object CMakeFiles/cmTC_58448.dir/CheckSymbolExists.c.o
/usr/bin/cc    -o CMakeFiles/cmTC_58448.dir/CheckSymbolExists.c.o   -c /home/safmc/catkin_ws/build/mavros_msgs/CMakeFiles/CMakeTmp/CheckSymbolExists.c
Linking C executable cmTC_58448
/usr/bin/cmake -E cmake_link_script CMakeFiles/cmTC_58448.dir/link.txt --verbose=1
/usr/bin/cc      -rdynamic CMakeFiles/cmTC_58448.dir/CheckSymbolExists.c.o  -o cmTC_58448 
CMakeFiles/cmTC_58448.dir/CheckSymbolExists.c.o: In function `main':
CheckSymbolExists.c:(.text+0x14): undefined reference to `pthread_create'
CheckSymbolExists.c:(.text+0x18): undefined reference to `pthread_create'
collect2: error: ld returned 1 exit status
CMakeFiles/cmTC_58448.dir/build.make:97: recipe for target 'cmTC_58448' failed
make[1]: *** [cmTC_58448] Error 1
make[1]: Leaving directory '/home/safmc/catkin_ws/build/mavros_msgs/CMakeFiles/CMakeTmp'
Makefile:126: recipe for target 'cmTC_58448/fast' failed
make: *** [cmTC_58448/fast] Error 2

File /home/safmc/catkin_ws/build/mavros_msgs/CMakeFiles/CMakeTmp/CheckSymbolExists.c:
/* */
#include <pthread.h>

int main(int argc, char** argv)
{
  (void)argv;
#ifndef pthread_create
  return ((int*)(&pthread_create))[argc];
#else
  (void)argc;
  return 0;
#endif
}

Determining if the function pthread_create exists in the pthreads failed with the following output:
Change Dir: /home/safmc/catkin_ws/build/mavros_msgs/CMakeFiles/CMakeTmp

Run Build Command:"/usr/bin/make" "cmTC_1fb0d/fast"
/usr/bin/make -f CMakeFiles/cmTC_1fb0d.dir/build.make CMakeFiles/cmTC_1fb0d.dir/build
make[1]: Entering directory '/home/safmc/catkin_ws/build/mavros_msgs/CMakeFiles/CMakeTmp'
Building C object CMakeFiles/cmTC_1fb0d.dir/CheckFunctionExists.c.o
/usr/bin/cc   -DCHECK_FUNCTION_EXISTS=pthread_create   -o CMakeFiles/cmTC_1fb0d.dir/CheckFunctionExists.c.o   -c /usr/share/cmake-3.10/Modules/CheckFunctionExists.c
Linking C executable cmTC_1fb0d
/usr/bin/cmake -E cmake_link_script CMakeFiles/cmTC_1fb0d.dir/link.txt --verbose=1
/usr/bin/cc  -DCHECK_FUNCTION_EXISTS=pthread_create    -rdynamic CMakeFiles/cmTC_1fb0d.dir/CheckFunctionExists.c.o  -o cmTC_1fb0d -lpthreads 
/usr/bin/ld: cannot find -lpthreads
collect2: error: ld returned 1 exit status
CMakeFiles/cmTC_1fb0d.dir/build.make:97: recipe for target 'cmTC_1fb0d' failed
make[1]: *** [cmTC_1fb0d] Error 1
make[1]: Leaving directory '/home/safmc/catkin_ws/build/mavros_msgs/CMakeFiles/CMakeTmp'
Makefile:126: recipe for target 'cmTC_1fb0d/fast' failed
make: *** [cmTC_1fb0d/fast] Error 2


