Determining if the pthread_create exist failed with the following output:
Change Dir: /home/safmc/catkin_ws/build/zed_depth_sub_tutorial/CMakeFiles/CMakeTmp

Run Build Command:"/usr/bin/make" "cmTC_48e6f/fast"
/usr/bin/make -f CMakeFiles/cmTC_48e6f.dir/build.make CMakeFiles/cmTC_48e6f.dir/build
make[1]: Entering directory '/home/safmc/catkin_ws/build/zed_depth_sub_tutorial/CMakeFiles/CMakeTmp'
Building C object CMakeFiles/cmTC_48e6f.dir/CheckSymbolExists.c.o
/usr/bin/cc    -o CMakeFiles/cmTC_48e6f.dir/CheckSymbolExists.c.o   -c /home/safmc/catkin_ws/build/zed_depth_sub_tutorial/CMakeFiles/CMakeTmp/CheckSymbolExists.c
Linking C executable cmTC_48e6f
/usr/bin/cmake -E cmake_link_script CMakeFiles/cmTC_48e6f.dir/link.txt --verbose=1
/usr/bin/cc      -rdynamic CMakeFiles/cmTC_48e6f.dir/CheckSymbolExists.c.o  -o cmTC_48e6f 
CMakeFiles/cmTC_48e6f.dir/CheckSymbolExists.c.o: In function `main':
CheckSymbolExists.c:(.text+0x14): undefined reference to `pthread_create'
CheckSymbolExists.c:(.text+0x18): undefined reference to `pthread_create'
collect2: error: ld returned 1 exit status
CMakeFiles/cmTC_48e6f.dir/build.make:97: recipe for target 'cmTC_48e6f' failed
make[1]: *** [cmTC_48e6f] Error 1
make[1]: Leaving directory '/home/safmc/catkin_ws/build/zed_depth_sub_tutorial/CMakeFiles/CMakeTmp'
Makefile:126: recipe for target 'cmTC_48e6f/fast' failed
make: *** [cmTC_48e6f/fast] Error 2

File /home/safmc/catkin_ws/build/zed_depth_sub_tutorial/CMakeFiles/CMakeTmp/CheckSymbolExists.c:
/* */
#include <pthread.h>

int main(int argc, char** argv)
{
  (void)argv;
#ifndef pthread_create
  return ((int*)(&pthread_create))[argc];
#else
  (void)argc;
  return 0;
#endif
}

Determining if the function pthread_create exists in the pthreads failed with the following output:
Change Dir: /home/safmc/catkin_ws/build/zed_depth_sub_tutorial/CMakeFiles/CMakeTmp

Run Build Command:"/usr/bin/make" "cmTC_20c1e/fast"
/usr/bin/make -f CMakeFiles/cmTC_20c1e.dir/build.make CMakeFiles/cmTC_20c1e.dir/build
make[1]: Entering directory '/home/safmc/catkin_ws/build/zed_depth_sub_tutorial/CMakeFiles/CMakeTmp'
Building C object CMakeFiles/cmTC_20c1e.dir/CheckFunctionExists.c.o
/usr/bin/cc   -DCHECK_FUNCTION_EXISTS=pthread_create   -o CMakeFiles/cmTC_20c1e.dir/CheckFunctionExists.c.o   -c /usr/share/cmake-3.10/Modules/CheckFunctionExists.c
Linking C executable cmTC_20c1e
/usr/bin/cmake -E cmake_link_script CMakeFiles/cmTC_20c1e.dir/link.txt --verbose=1
/usr/bin/cc  -DCHECK_FUNCTION_EXISTS=pthread_create    -rdynamic CMakeFiles/cmTC_20c1e.dir/CheckFunctionExists.c.o  -o cmTC_20c1e -lpthreads 
/usr/bin/ld: cannot find -lpthreads
collect2: error: ld returned 1 exit status
CMakeFiles/cmTC_20c1e.dir/build.make:97: recipe for target 'cmTC_20c1e' failed
make[1]: *** [cmTC_20c1e] Error 1
make[1]: Leaving directory '/home/safmc/catkin_ws/build/zed_depth_sub_tutorial/CMakeFiles/CMakeTmp'
Makefile:126: recipe for target 'cmTC_20c1e/fast' failed
make: *** [cmTC_20c1e/fast] Error 2


