Determining if the pthread_create exist failed with the following output:
Change Dir: /home/safmc/catkin_ws/build/zed_tracking_sub/CMakeFiles/CMakeTmp

Run Build Command:"/usr/bin/make" "cmTC_f8ce4/fast"
/usr/bin/make -f CMakeFiles/cmTC_f8ce4.dir/build.make CMakeFiles/cmTC_f8ce4.dir/build
make[1]: Entering directory '/home/safmc/catkin_ws/build/zed_tracking_sub/CMakeFiles/CMakeTmp'
Building C object CMakeFiles/cmTC_f8ce4.dir/CheckSymbolExists.c.o
/usr/bin/cc    -o CMakeFiles/cmTC_f8ce4.dir/CheckSymbolExists.c.o   -c /home/safmc/catkin_ws/build/zed_tracking_sub/CMakeFiles/CMakeTmp/CheckSymbolExists.c
Linking C executable cmTC_f8ce4
/usr/bin/cmake -E cmake_link_script CMakeFiles/cmTC_f8ce4.dir/link.txt --verbose=1
/usr/bin/cc      -rdynamic CMakeFiles/cmTC_f8ce4.dir/CheckSymbolExists.c.o  -o cmTC_f8ce4 
CMakeFiles/cmTC_f8ce4.dir/CheckSymbolExists.c.o: In function `main':
CheckSymbolExists.c:(.text+0x14): undefined reference to `pthread_create'
CheckSymbolExists.c:(.text+0x18): undefined reference to `pthread_create'
collect2: error: ld returned 1 exit status
CMakeFiles/cmTC_f8ce4.dir/build.make:97: recipe for target 'cmTC_f8ce4' failed
make[1]: *** [cmTC_f8ce4] Error 1
make[1]: Leaving directory '/home/safmc/catkin_ws/build/zed_tracking_sub/CMakeFiles/CMakeTmp'
Makefile:126: recipe for target 'cmTC_f8ce4/fast' failed
make: *** [cmTC_f8ce4/fast] Error 2

File /home/safmc/catkin_ws/build/zed_tracking_sub/CMakeFiles/CMakeTmp/CheckSymbolExists.c:
/* */
#include <pthread.h>

int main(int argc, char** argv)
{
  (void)argv;
#ifndef pthread_create
  return ((int*)(&pthread_create))[argc];
#else
  (void)argc;
  return 0;
#endif
}

Determining if the function pthread_create exists in the pthreads failed with the following output:
Change Dir: /home/safmc/catkin_ws/build/zed_tracking_sub/CMakeFiles/CMakeTmp

Run Build Command:"/usr/bin/make" "cmTC_19911/fast"
/usr/bin/make -f CMakeFiles/cmTC_19911.dir/build.make CMakeFiles/cmTC_19911.dir/build
make[1]: Entering directory '/home/safmc/catkin_ws/build/zed_tracking_sub/CMakeFiles/CMakeTmp'
Building C object CMakeFiles/cmTC_19911.dir/CheckFunctionExists.c.o
/usr/bin/cc   -DCHECK_FUNCTION_EXISTS=pthread_create   -o CMakeFiles/cmTC_19911.dir/CheckFunctionExists.c.o   -c /usr/share/cmake-3.10/Modules/CheckFunctionExists.c
Linking C executable cmTC_19911
/usr/bin/cmake -E cmake_link_script CMakeFiles/cmTC_19911.dir/link.txt --verbose=1
/usr/bin/cc  -DCHECK_FUNCTION_EXISTS=pthread_create    -rdynamic CMakeFiles/cmTC_19911.dir/CheckFunctionExists.c.o  -o cmTC_19911 -lpthreads 
/usr/bin/ld: cannot find -lpthreads
collect2: error: ld returned 1 exit status
CMakeFiles/cmTC_19911.dir/build.make:97: recipe for target 'cmTC_19911' failed
make[1]: *** [cmTC_19911] Error 1
make[1]: Leaving directory '/home/safmc/catkin_ws/build/zed_tracking_sub/CMakeFiles/CMakeTmp'
Makefile:126: recipe for target 'cmTC_19911/fast' failed
make: *** [cmTC_19911/fast] Error 2


