In file included from [01m[K/opt/ros/melodic/include/ros/ros.h:40:0[m[K,
                 from [01m[K/home/safmc/catkin_ws/src/openmv/src/openmv.cpp:10[m[K:
[01m[K/home/safmc/catkin_ws/src/openmv/src/openmv.cpp:[m[K In function ‘[01m[Kvoid openmvimg(const ConstPtr&)[m[K’:
[01m[K/opt/ros/melodic/include/ros/console.h:348:176:[m[K [01;35m[Kwarning: [m[Kformat ‘[01m[K%d[m[K’ expects argument of type ‘[01m[Kint[m[K’, but argument 8 has type ‘[01m[Kstd::vector<cv::Point_<int> >[m[K’ [[01;35m[K-Wformat=[m[K]
     ::ros::console::print(filter, __rosconsole_define_location__loc.logger_, __rosconsole_define_location__loc.level_, __FILE__, __LINE__, __ROSCONSOLE_FUNCTION__, __VA_ARGS__[01;35m[K)[m[K
                                                                                                                                                                                [01;35m[K^[m[K
[01m[K/opt/ros/melodic/include/ros/console.h:351:5:[m[K [01;36m[Knote: [m[Kin expansion of macro ‘[01m[KROSCONSOLE_PRINT_AT_LOCATION_WITH_FILTER[m[K’
     [01;36m[KROSCONSOLE_PRINT_AT_LOCATION_WITH_FILTER[m[K(NULL, __VA_ARGS__)
     [01;36m[K^~~~~~~~~~~~~~~~~~~~~~~~~~~~~~~~~~~~~~~~[m[K
[01m[K/opt/ros/melodic/include/ros/console.h:387:7:[m[K [01;36m[Knote: [m[Kin expansion of macro ‘[01m[KROSCONSOLE_PRINT_AT_LOCATION[m[K’
       [01;36m[KROSCONSOLE_PRINT_AT_LOCATION[m[K(__VA_ARGS__); \
       [01;36m[K^~~~~~~~~~~~~~~~~~~~~~~~~~~~[m[K
[01m[K/opt/ros/melodic/include/ros/console.h:572:35:[m[K [01;36m[Knote: [m[Kin expansion of macro ‘[01m[KROS_LOG_COND[m[K’
 #define ROS_LOG(level, name, ...) [01;36m[KROS_LOG_COND[m[K(true, level, name, __VA_ARGS__)
                                   [01;36m[K^~~~~~~~~~~~[m[K
[01m[K/opt/ros/melodic/include/rosconsole/macros_generated.h:110:23:[m[K [01;36m[Knote: [m[Kin expansion of macro ‘[01m[KROS_LOG[m[K’
 #define ROS_INFO(...) [01;36m[KROS_LOG[m[K(::ros::console::levels::Info, ROSCONSOLE_DEFAULT_NAME, __VA_ARGS__)
                       [01;36m[K^~~~~~~[m[K
[01m[K/home/safmc/catkin_ws/src/openmv/src/openmv.cpp:110:5:[m[K [01;36m[Knote: [m[Kin expansion of macro ‘[01m[KROS_INFO[m[K’
     [01;36m[KR[m[KOS_INFO("%d",biggest_contour);
     [01;36m[K^[m[K
[01m[K/home/safmc/catkin_ws/src/openmv/src/openmv.cpp:[m[K In function ‘[01m[Kint findBiggestContour(cv::Mat)[m[K’:
[01m[K/home/safmc/catkin_ws/src/openmv/src/openmv.cpp:205:5:[m[K [01;31m[Kerror: [m[Kambiguating new declaration of ‘[01m[Kint findBiggestContour(cv::Mat)[m[K’
 int [01;31m[KfindBiggestContour[m[K(cv::Mat bimg)
     [01;31m[K^~~~~~~~~~~~~~~~~~[m[K
[01m[K/home/safmc/catkin_ws/src/openmv/src/openmv.cpp:21:24:[m[K [01;36m[Knote: [m[Kold declaration ‘[01m[Kstd::vector<cv::Point_<int> > findBiggestContour(cv::Mat)[m[K’
 std::vector<cv::Point> [01;36m[KfindBiggestContour[m[K(cv::Mat bimg);
                        [01;36m[K^~~~~~~~~~~~~~~~~~[m[K
make[2]: *** [CMakeFiles/openmv.dir/src/openmv.cpp.o] Error 1
make[1]: *** [CMakeFiles/openmv.dir/all] Error 2
make: *** [all] Error 2
