[01m[K/home/safmc/catkin_ws/src/openmv/src/openmv.cpp:[m[K In function ‘[01m[Kvoid openmvimg(const ConstPtr&)[m[K’:
[01m[K/home/safmc/catkin_ws/src/openmv/src/openmv.cpp:92:110:[m[K [01;31m[Kerror: [m[Kno match for ‘[01m[Koperator=[m[K’ (operand types are ‘[01m[Kcv::Mat[m[K’ and ‘[01m[Kvoid[m[K’)
     cvImgContour = cv::findContours(cvImgErode, contours , hierarchy , cv::RETR_TREE, cv::CHAIN_APPROX_SIMPLE[01;31m[K)[m[K;
                                                                                                              [01;31m[K^[m[K
In file included from [01m[K/usr/include/opencv4/opencv2/core/mat.hpp:3724:0[m[K,
                 from [01m[K/usr/include/opencv4/opencv2/core.hpp:59[m[K,
                 from [01m[K/usr/include/opencv4/opencv2/imgproc.hpp:46[m[K,
                 from [01m[K/usr/include/opencv4/opencv2/imgproc/imgproc.hpp:48[m[K,
                 from [01m[K/home/safmc/catkin_ws/src/openmv/src/openmv.cpp:3[m[K:
[01m[K/usr/include/opencv4/opencv2/core/mat.inl.hpp:743:6:[m[K [01;36m[Knote: [m[Kcandidate: cv::Mat& cv::Mat::operator=(const cv::Mat&)
 Mat& [01;36m[KMat[m[K::operator = (const Mat& m)
      [01;36m[K^~~[m[K
[01m[K/usr/include/opencv4/opencv2/core/mat.inl.hpp:743:6:[m[K [01;36m[Knote: [m[K  no known conversion for argument 1 from ‘[01m[Kvoid[m[K’ to ‘[01m[Kconst cv::Mat&[m[K’
In file included from [01m[K/usr/include/opencv4/opencv2/core/mat.hpp:3724:0[m[K,
                 from [01m[K/usr/include/opencv4/opencv2/core.hpp:59[m[K,
                 from [01m[K/usr/include/opencv4/opencv2/imgproc.hpp:46[m[K,
                 from [01m[K/usr/include/opencv4/opencv2/imgproc/imgproc.hpp:48[m[K,
                 from [01m[K/home/safmc/catkin_ws/src/openmv/src/openmv.cpp:3[m[K:
[01m[K/usr/include/opencv4/opencv2/core/mat.inl.hpp:3346:6:[m[K [01;36m[Knote: [m[Kcandidate: cv::Mat& cv::Mat::operator=(const cv::MatExpr&)
 Mat& [01;36m[KMat[m[K::operator = (const MatExpr& e)
      [01;36m[K^~~[m[K
[01m[K/usr/include/opencv4/opencv2/core/mat.inl.hpp:3346:6:[m[K [01;36m[Knote: [m[K  no known conversion for argument 1 from ‘[01m[Kvoid[m[K’ to ‘[01m[Kconst cv::MatExpr&[m[K’
In file included from [01m[K/usr/include/opencv4/opencv2/core.hpp:59:0[m[K,
                 from [01m[K/usr/include/opencv4/opencv2/imgproc.hpp:46[m[K,
                 from [01m[K/usr/include/opencv4/opencv2/imgproc/imgproc.hpp:48[m[K,
                 from [01m[K/home/safmc/catkin_ws/src/openmv/src/openmv.cpp:3[m[K:
[01m[K/usr/include/opencv4/opencv2/core/mat.hpp:1241:10:[m[K [01;36m[Knote: [m[Kcandidate: cv::Mat& cv::Mat::operator=(const Scalar&)
     Mat& [01;36m[Koperator[m[K = (const Scalar& s);
          [01;36m[K^~~~~~~~[m[K
[01m[K/usr/include/opencv4/opencv2/core/mat.hpp:1241:10:[m[K [01;36m[Knote: [m[K  no known conversion for argument 1 from ‘[01m[Kvoid[m[K’ to ‘[01m[Kconst Scalar& {aka const cv::Scalar_<double>&}[m[K’
In file included from [01m[K/usr/include/opencv4/opencv2/core/mat.hpp:3724:0[m[K,
                 from [01m[K/usr/include/opencv4/opencv2/core.hpp:59[m[K,
                 from [01m[K/usr/include/opencv4/opencv2/imgproc.hpp:46[m[K,
                 from [01m[K/usr/include/opencv4/opencv2/imgproc/imgproc.hpp:48[m[K,
                 from [01m[K/home/safmc/catkin_ws/src/openmv/src/openmv.cpp:3[m[K:
[01m[K/usr/include/opencv4/opencv2/core/mat.inl.hpp:1405:6:[m[K [01;36m[Knote: [m[Kcandidate: cv::Mat& cv::Mat::operator=(cv::Mat&&)
 Mat& [01;36m[KMat[m[K::operator = (Mat&& m)
      [01;36m[K^~~[m[K
[01m[K/usr/include/opencv4/opencv2/core/mat.inl.hpp:1405:6:[m[K [01;36m[Knote: [m[K  no known conversion for argument 1 from ‘[01m[Kvoid[m[K’ to ‘[01m[Kcv::Mat&&[m[K’
[01m[K/home/safmc/catkin_ws/src/openmv/src/openmv.cpp:95:33:[m[K [01;31m[Kerror: [m[K‘[01m[KcvimgContour[m[K’ was not declared in this scope
     cv::imshow(OPENCV_WINDOW_1 ,[01;31m[KcvimgContour[m[K);//OPENCV_WINDOW_1,
                                 [01;31m[K^~~~~~~~~~~~[m[K
[01m[K/home/safmc/catkin_ws/src/openmv/src/openmv.cpp:95:33:[m[K [01;36m[Knote: [m[Ksuggested alternative: ‘[01m[KcvImgContour[m[K’
     cv::imshow(OPENCV_WINDOW_1 ,[01;36m[KcvimgContour[m[K);//OPENCV_WINDOW_1,
                                 [01;36m[K^~~~~~~~~~~~[m[K
                                 [32m[KcvImgContour[m[K
make[2]: *** [CMakeFiles/openmv.dir/src/openmv.cpp.o] Error 1
make[1]: *** [CMakeFiles/openmv.dir/all] Error 2
make: *** [all] Error 2
