[01m[K/home/safmc/catkin_ws/src/openmv/src/openmv.cpp:[m[K In function ‘[01m[Kvoid openmvimg(const ConstPtr&)[m[K’:
[01m[K/home/safmc/catkin_ws/src/openmv/src/openmv.cpp:94:31:[m[K [01;31m[Kerror: [m[K‘[01m[Kimage[m[K’ was not declared in this scope
     Mat Contours = Mat::zeros([01;31m[Kimage[m[K.size(),CV_8uc1);
                               [01;31m[K^~~~~[m[K
[01m[K/home/safmc/catkin_ws/src/openmv/src/openmv.cpp:94:44:[m[K [01;31m[Kerror: [m[K‘[01m[KCV_8uc1[m[K’ was not declared in this scope
     Mat Contours = Mat::zeros(image.size(),[01;31m[KCV_8uc1[m[K);
                                            [01;31m[K^~~~~~~[m[K
[01m[K/home/safmc/catkin_ws/src/openmv/src/openmv.cpp:94:44:[m[K [01;36m[Knote: [m[Ksuggested alternative: ‘[01m[KCV_8SC1[m[K’
     Mat Contours = Mat::zeros(image.size(),[01;36m[KCV_8uc1[m[K);
                                            [01;36m[K^~~~~~~[m[K
                                            [32m[KCV_8SC1[m[K
[01m[K/home/safmc/catkin_ws/src/openmv/src/openmv.cpp:117:33:[m[K [01;31m[Kerror: [m[Ka function-definition is not allowed here before ‘[01m[K{[m[K’ token
 int main(int argc, char** argv) [01;31m[K{[m[K
                                 [01;31m[K^[m[K
[01m[K/home/safmc/catkin_ws/src/openmv/src/openmv.cpp:166:1:[m[K [01;31m[Kerror: [m[Kexpected ‘[01m[K}[m[K’ at end of input
 [01;31m[K}[m[K
 [01;31m[K^[m[K
make[2]: *** [CMakeFiles/openmv.dir/src/openmv.cpp.o] Error 1
make[1]: *** [CMakeFiles/openmv.dir/all] Error 2
make: *** [all] Error 2
