[01m[K/home/safmc/catkin_ws/src/openmv/src/openmv.cpp:[m[K In function ‘[01m[Kvoid openmvimg(const ConstPtr&)[m[K’:
[01m[K/home/safmc/catkin_ws/src/openmv/src/openmv.cpp:104:35:[m[K [01;35m[Kwarning: [m[Kpointer to a function used in arithmetic [[01;35m[K-Wpointer-arith[m[K]
     cv::Point ctr(cvRound(circle[1[01;35m[K][m[K[0]), cvRound(circle[1][1]));
                                   [01;35m[K^[m[K
[01m[K/home/safmc/catkin_ws/src/openmv/src/openmv.cpp:104:38:[m[K [01;35m[Kwarning: [m[Kpointer to a function used in arithmetic [[01;35m[K-Wpointer-arith[m[K]
     cv::Point ctr(cvRound(circle[1][0[01;35m[K][m[K), cvRound(circle[1][1]));
                                      [01;35m[K^[m[K
[01m[K/home/safmc/catkin_ws/src/openmv/src/openmv.cpp:104:38:[m[K [01;31m[Kerror: [m[Kinvalid conversion from ‘[01m[Kvoid (*)(cv::InputOutputArray, cv::Point, int, const Scalar&, int, int, int) {aka void (*)(const cv::_InputOutputArray&, cv::Point_<int>, int, const cv::Scalar_<double>&, int, int, int)}[m[K’ to ‘[01m[Kint[m[K’ [[01;31m[K-fpermissive[m[K]
     cv::Point ctr(cvRound([01;31m[Kcircle[1][0][m[K), cvRound(circle[1][1]));
                           [01;31m[K~~~~~~~~~~~^[m[K
In file included from [01m[K/usr/include/opencv4/opencv2/core/saturate.hpp:49:0[m[K,
                 from [01m[K/usr/include/opencv4/opencv2/core/matx.hpp:54[m[K,
                 from [01m[K/usr/include/opencv4/opencv2/core.hpp:57[m[K,
                 from [01m[K/usr/include/opencv4/opencv2/imgproc.hpp:46[m[K,
                 from [01m[K/usr/include/opencv4/opencv2/imgproc/imgproc.hpp:48[m[K,
                 from [01m[K/home/safmc/catkin_ws/src/openmv/src/openmv.cpp:3[m[K:
[01m[K/usr/include/opencv4/opencv2/core/fast_math.hpp:210:15:[m[K [01;36m[Knote: [m[K  initializing argument 1 of ‘[01m[Kint cvRound(int)[m[K’
 CV_INLINE int [01;36m[KcvRound[m[K( int value )
               [01;36m[K^~~~~~~[m[K
[01m[K/home/safmc/catkin_ws/src/openmv/src/openmv.cpp:104:58:[m[K [01;35m[Kwarning: [m[Kpointer to a function used in arithmetic [[01;35m[K-Wpointer-arith[m[K]
     cv::Point ctr(cvRound(circle[1][0]), cvRound(circle[1[01;35m[K][m[K[1]));
                                                          [01;35m[K^[m[K
[01m[K/home/safmc/catkin_ws/src/openmv/src/openmv.cpp:104:61:[m[K [01;35m[Kwarning: [m[Kpointer to a function used in arithmetic [[01;35m[K-Wpointer-arith[m[K]
     cv::Point ctr(cvRound(circle[1][0]), cvRound(circle[1][1[01;35m[K][m[K));
                                                             [01;35m[K^[m[K
[01m[K/home/safmc/catkin_ws/src/openmv/src/openmv.cpp:104:61:[m[K [01;31m[Kerror: [m[Kinvalid conversion from ‘[01m[Kvoid (*)(cv::InputOutputArray, cv::Point, int, const Scalar&, int, int, int) {aka void (*)(const cv::_InputOutputArray&, cv::Point_<int>, int, const cv::Scalar_<double>&, int, int, int)}[m[K’ to ‘[01m[Kint[m[K’ [[01;31m[K-fpermissive[m[K]
     cv::Point ctr(cvRound(circle[1][0]), cvRound([01;31m[Kcircle[1][1][m[K));
                                                  [01;31m[K~~~~~~~~~~~^[m[K
In file included from [01m[K/usr/include/opencv4/opencv2/core/saturate.hpp:49:0[m[K,
                 from [01m[K/usr/include/opencv4/opencv2/core/matx.hpp:54[m[K,
                 from [01m[K/usr/include/opencv4/opencv2/core.hpp:57[m[K,
                 from [01m[K/usr/include/opencv4/opencv2/imgproc.hpp:46[m[K,
                 from [01m[K/usr/include/opencv4/opencv2/imgproc/imgproc.hpp:48[m[K,
                 from [01m[K/home/safmc/catkin_ws/src/openmv/src/openmv.cpp:3[m[K:
[01m[K/usr/include/opencv4/opencv2/core/fast_math.hpp:210:15:[m[K [01;36m[Knote: [m[K  initializing argument 1 of ‘[01m[Kint cvRound(int)[m[K’
 CV_INLINE int [01;36m[KcvRound[m[K( int value )
               [01;36m[K^~~~~~~[m[K
[01m[K/home/safmc/catkin_ws/src/openmv/src/openmv.cpp:114:19:[m[K [01;35m[Kwarning: [m[Kpointer to a function used in arithmetic [[01;35m[K-Wpointer-arith[m[K]
  gpos.x = circle[1[01;35m[K][m[K[0];
                   [01;35m[K^[m[K
[01m[K/home/safmc/catkin_ws/src/openmv/src/openmv.cpp:114:22:[m[K [01;35m[Kwarning: [m[Kpointer to a function used in arithmetic [[01;35m[K-Wpointer-arith[m[K]
  gpos.x = circle[1][0[01;35m[K][m[K;
                      [01;35m[K^[m[K
[01m[K/home/safmc/catkin_ws/src/openmv/src/openmv.cpp:114:22:[m[K [01;31m[Kerror: [m[Kcannot convert ‘[01m[Kvoid(cv::InputOutputArray, cv::Point, int, const Scalar&, int, int, int) {aka void(const cv::_InputOutputArray&, cv::Point_<int>, int, const cv::Scalar_<double>&, int, int, int)}[m[K’ to ‘[01m[Kgeometry_msgs::Point_<std::allocator<void> >::_x_type {aka double}[m[K’ in assignment
[01m[K/home/safmc/catkin_ws/src/openmv/src/openmv.cpp:115:22:[m[K [01;35m[Kwarning: [m[Kpointer to a function used in arithmetic [[01;35m[K-Wpointer-arith[m[K]
     gpos.y = circle[1[01;35m[K][m[K[1];
                      [01;35m[K^[m[K
[01m[K/home/safmc/catkin_ws/src/openmv/src/openmv.cpp:115:25:[m[K [01;35m[Kwarning: [m[Kpointer to a function used in arithmetic [[01;35m[K-Wpointer-arith[m[K]
     gpos.y = circle[1][1[01;35m[K][m[K;
                         [01;35m[K^[m[K
[01m[K/home/safmc/catkin_ws/src/openmv/src/openmv.cpp:115:25:[m[K [01;31m[Kerror: [m[Kcannot convert ‘[01m[Kvoid(cv::InputOutputArray, cv::Point, int, const Scalar&, int, int, int) {aka void(const cv::_InputOutputArray&, cv::Point_<int>, int, const cv::Scalar_<double>&, int, int, int)}[m[K’ to ‘[01m[Kgeometry_msgs::Point_<std::allocator<void> >::_y_type {aka double}[m[K’ in assignment
make[2]: *** [CMakeFiles/openmv.dir/src/openmv.cpp.o] Error 1
make[1]: *** [CMakeFiles/openmv.dir/all] Error 2
make: *** [all] Error 2
