[35m[1mScanning dependencies of target openmv[0m
[ 50%] [32mBuilding CXX object CMakeFiles/openmv.dir/src/openmv.cpp.o[0m
[01m[K/home/safmc/catkin_ws/src/openmv/src/openmv.cpp:[m[K In function ‘[01m[Kvoid openmvimg(const ConstPtr&)[m[K’:
[01m[K/home/safmc/catkin_ws/src/openmv/src/openmv.cpp:104:33:[m[K [01;31m[Kerror: [m[Kno match for ‘[01m[Koperator[][m[K’ (operand types are ‘[01m[Kcv::Point2f {aka cv::Point_<float>}[m[K’ and ‘[01m[Kint[m[K’)
     cv::Point ctr(cvRound(center[01;31m[K[[m[K0]), cvRound(center[1]);
                                 [01;31m[K^[m[K
[01m[K/home/safmc/catkin_ws/src/openmv/src/openmv.cpp:104:53:[m[K [01;31m[Kerror: [m[Kno match for ‘[01m[Koperator[][m[K’ (operand types are ‘[01m[Kcv::Point2f {aka cv::Point_<float>}[m[K’ and ‘[01m[Kint[m[K’)
     cv::Point ctr(cvRound(center[0]), cvRound(center[01;31m[K[[m[K1]);
                                                     [01;31m[K^[m[K
[01m[K/home/safmc/catkin_ws/src/openmv/src/openmv.cpp:114:14:[m[K [01;31m[Kerror: [m[Kno match for ‘[01m[Koperator[][m[K’ (operand types are ‘[01m[Kcv::Point {aka cv::Point_<int>}[m[K’ and ‘[01m[Kint[m[K’)
  gpos.x = ctr[01;31m[K[[m[K0];
              [01;31m[K^[m[K
[01m[K/home/safmc/catkin_ws/src/openmv/src/openmv.cpp:115:17:[m[K [01;31m[Kerror: [m[Kno match for ‘[01m[Koperator[][m[K’ (operand types are ‘[01m[Kcv::Point {aka cv::Point_<int>}[m[K’ and ‘[01m[Kint[m[K’)
     gpos.y = ctr[01;31m[K[[m[K1];
                 [01;31m[K^[m[K
CMakeFiles/openmv.dir/build.make:62: recipe for target 'CMakeFiles/openmv.dir/src/openmv.cpp.o' failed
make[2]: *** [CMakeFiles/openmv.dir/src/openmv.cpp.o] Error 1
CMakeFiles/Makefile2:1027: recipe for target 'CMakeFiles/openmv.dir/all' failed
make[1]: *** [CMakeFiles/openmv.dir/all] Error 2
Makefile:140: recipe for target 'all' failed
make: *** [all] Error 2
