[01m[K/home/safmc/catkin_ws/src/openmv/src/openmv.cpp:[m[K In function ‘[01m[Kvoid openmvimg(const ConstPtr&)[m[K’:
[01m[K/home/safmc/catkin_ws/src/openmv/src/openmv.cpp:85:9:[m[K [01;31m[Kerror: [m[K‘[01m[Kvector[m[K’ is not a member of ‘[01m[Kcv[m[K’
     cv::[01;31m[Kvector[m[K<vector<Point> > contours;
         [01;31m[K^~~~~~[m[K
[01m[K/home/safmc/catkin_ws/src/openmv/src/openmv.cpp:85:9:[m[K [01;36m[Knote: [m[Ksuggested alternative: ‘[01m[Kerror[m[K’
     cv::[01;36m[Kvector[m[K<vector<Point> > contours;
         [01;36m[K^~~~~~[m[K
         [32m[Kerror[m[K
[01m[K/home/safmc/catkin_ws/src/openmv/src/openmv.cpp:85:16:[m[K [01;31m[Kerror: [m[K‘[01m[Kvector[m[K’ was not declared in this scope
     cv::vector<[01;31m[Kvector[m[K<Point> > contours;
                [01;31m[K^~~~~~[m[K
[01m[K/home/safmc/catkin_ws/src/openmv/src/openmv.cpp:85:16:[m[K [01;36m[Knote: [m[Ksuggested alternatives:
In file included from [01m[K/usr/include/c++/7/vector:64:0[m[K,
                 from [01m[K/usr/include/opencv4/opencv2/core/types.hpp:53[m[K,
                 from [01m[K/usr/include/opencv4/opencv2/core.hpp:58[m[K,
                 from [01m[K/usr/include/opencv4/opencv2/imgproc.hpp:46[m[K,
                 from [01m[K/usr/include/opencv4/opencv2/imgproc/imgproc.hpp:48[m[K,
                 from [01m[K/home/safmc/catkin_ws/src/openmv/src/openmv.cpp:3[m[K:
[01m[K/usr/include/c++/7/bits/stl_vector.h:216:11:[m[K [01;36m[Knote: [m[K  ‘[01m[Kstd::vector[m[K’
     class [01;36m[Kvector[m[K : protected _Vector_base<_Tp, _Alloc>
           [01;36m[K^~~~~~[m[K
In file included from [01m[K/usr/include/boost/mpl/aux_/include_preprocessed.hpp:37:0[m[K,
                 from [01m[K/usr/include/boost/mpl/vector.hpp:46[m[K,
                 from [01m[K/usr/include/boost/math/policies/policy.hpp:14[m[K,
                 from [01m[K/usr/include/boost/math/policies/error_handling.hpp:21[m[K,
                 from [01m[K/usr/include/boost/math/special_functions/round.hpp:14[m[K,
                 from [01m[K/opt/ros/melodic/include/ros/time.h:58[m[K,
                 from [01m[K/opt/ros/melodic/include/ros/ros.h:38[m[K,
                 from [01m[K/home/safmc/catkin_ws/src/openmv/src/openmv.cpp:10[m[K:
[01m[K/usr/include/boost/mpl/aux_/preprocessed/gcc/vector.hpp:22:8:[m[K [01;36m[Knote: [m[K  ‘[01m[Kboost::mpl::vector[m[K’
 struct [01;36m[Kvector[m[K;
        [01;36m[K^~~~~~[m[K
In file included from [01m[K/usr/include/boost/lexical_cast/detail/converter_lexical.hpp:52:0[m[K,
                 from [01m[K/usr/include/boost/lexical_cast/try_lexical_convert.hpp:42[m[K,
                 from [01m[K/usr/include/boost/lexical_cast.hpp:32[m[K,
                 from [01m[K/opt/ros/melodic/include/ros/transport_hints.h:34[m[K,
                 from [01m[K/opt/ros/melodic/include/ros/subscribe_options.h:33[m[K,
                 from [01m[K/opt/ros/melodic/include/ros/node_handle.h:42[m[K,
                 from [01m[K/opt/ros/melodic/include/ros/ros.h:45[m[K,
                 from [01m[K/home/safmc/catkin_ws/src/openmv/src/openmv.cpp:10[m[K:
[01m[K/usr/include/boost/container/container_fwd.hpp:108:7:[m[K [01;36m[Knote: [m[K  ‘[01m[Kboost::container::vector[m[K’
 class [01;36m[Kvector[m[K;
       [01;36m[K^~~~~~[m[K
[01m[K/home/safmc/catkin_ws/src/openmv/src/openmv.cpp:85:23:[m[K [01;31m[Kerror: [m[K‘[01m[KPoint[m[K’ was not declared in this scope
     cv::vector<vector<[01;31m[KPoint[m[K> > contours;
                       [01;31m[K^~~~~[m[K
[01m[K/home/safmc/catkin_ws/src/openmv/src/openmv.cpp:85:23:[m[K [01;36m[Knote: [m[Ksuggested alternative:
In file included from [01m[K/usr/include/opencv4/opencv2/core.hpp:58:0[m[K,
                 from [01m[K/usr/include/opencv4/opencv2/imgproc.hpp:46[m[K,
                 from [01m[K/usr/include/opencv4/opencv2/imgproc/imgproc.hpp:48[m[K,
                 from [01m[K/home/safmc/catkin_ws/src/openmv/src/openmv.cpp:3[m[K:
[01m[K/usr/include/opencv4/opencv2/core/types.hpp:194:17:[m[K [01;36m[Knote: [m[K  ‘[01m[Kcv::Point[m[K’
 typedef Point2i [01;36m[KPoint[m[K;
                 [01;36m[K^~~~~[m[K
[01m[K/home/safmc/catkin_ws/src/openmv/src/openmv.cpp:85:30:[m[K [01;31m[Kerror: [m[Kexpected primary-expression before ‘[01m[K>[m[K’ token
     cv::vector<vector<Point> [01;31m[K>[m[K contours;
                              [01;31m[K^[m[K
[01m[K/home/safmc/catkin_ws/src/openmv/src/openmv.cpp:85:32:[m[K [01;31m[Kerror: [m[K‘[01m[Kcontours[m[K’ was not declared in this scope
     cv::vector<vector<Point> > [01;31m[Kcontours[m[K;
                                [01;31m[K^~~~~~~~[m[K
[01m[K/home/safmc/catkin_ws/src/openmv/src/openmv.cpp:85:32:[m[K [01;36m[Knote: [m[Ksuggested alternative: ‘[01m[Kconfstr[m[K’
     cv::vector<vector<Point> > [01;36m[Kcontours[m[K;
                                [01;36m[K^~~~~~~~[m[K
                                [32m[Kconfstr[m[K
[01m[K/home/safmc/catkin_ws/src/openmv/src/openmv.cpp:86:9:[m[K [01;31m[Kerror: [m[K‘[01m[Kvector[m[K’ is not a member of ‘[01m[Kcv[m[K’
     cv::[01;31m[Kvector[m[K<Vec4i> hierarchy;
         [01;31m[K^~~~~~[m[K
[01m[K/home/safmc/catkin_ws/src/openmv/src/openmv.cpp:86:9:[m[K [01;36m[Knote: [m[Ksuggested alternative: ‘[01m[Kerror[m[K’
     cv::[01;36m[Kvector[m[K<Vec4i> hierarchy;
         [01;36m[K^~~~~~[m[K
         [32m[Kerror[m[K
[01m[K/home/safmc/catkin_ws/src/openmv/src/openmv.cpp:86:16:[m[K [01;31m[Kerror: [m[K‘[01m[KVec4i[m[K’ was not declared in this scope
     cv::vector<[01;31m[KVec4i[m[K> hierarchy;
                [01;31m[K^~~~~[m[K
[01m[K/home/safmc/catkin_ws/src/openmv/src/openmv.cpp:86:16:[m[K [01;36m[Knote: [m[Ksuggested alternative:
In file included from [01m[K/usr/include/opencv4/opencv2/core.hpp:57:0[m[K,
                 from [01m[K/usr/include/opencv4/opencv2/imgproc.hpp:46[m[K,
                 from [01m[K/usr/include/opencv4/opencv2/imgproc/imgproc.hpp:48[m[K,
                 from [01m[K/home/safmc/catkin_ws/src/openmv/src/openmv.cpp:3[m[K:
[01m[K/usr/include/opencv4/opencv2/core/matx.hpp:414:21:[m[K [01;36m[Knote: [m[K  ‘[01m[Kcv::Vec4i[m[K’
 typedef Vec<int, 4> [01;36m[KVec4i[m[K;
                     [01;36m[K^~~~~[m[K
[01m[K/home/safmc/catkin_ws/src/openmv/src/openmv.cpp:86:23:[m[K [01;31m[Kerror: [m[K‘[01m[Khierarchy[m[K’ was not declared in this scope
     cv::vector<Vec4i> [01;31m[Khierarchy[m[K;
                       [01;31m[K^~~~~~~~~[m[K
[01m[K/home/safmc/catkin_ws/src/openmv/src/openmv.cpp:86:23:[m[K [01;36m[Knote: [m[Ksuggested alternative: ‘[01m[Kbsearch[m[K’
     cv::vector<Vec4i> [01;36m[Khierarchy[m[K;
                       [01;36m[K^~~~~~~~~[m[K
                       [32m[Kbsearch[m[K
[01m[K/home/safmc/catkin_ws/src/openmv/src/openmv.cpp:88:5:[m[K [01;31m[Kerror: [m[K‘[01m[KcvImgContours[m[K’ was not declared in this scope
     [01;31m[KcvImgContours[m[K = cv::findContours(cvImgErode, contours , hierachy , cv::RETR_TREE, cv::CHAIN_APPROX_SIMPLE);
     [01;31m[K^~~~~~~~~~~~~[m[K
[01m[K/home/safmc/catkin_ws/src/openmv/src/openmv.cpp:88:5:[m[K [01;36m[Knote: [m[Ksuggested alternative: ‘[01m[KcvImgContour[m[K’
     [01;36m[KcvImgContours[m[K = cv::findContours(cvImgErode, contours , hierachy , cv::RETR_TREE, cv::CHAIN_APPROX_SIMPLE);
     [01;36m[K^~~~~~~~~~~~~[m[K
     [32m[KcvImgContour[m[K
[01m[K/home/safmc/catkin_ws/src/openmv/src/openmv.cpp:88:61:[m[K [01;31m[Kerror: [m[K‘[01m[Khierachy[m[K’ was not declared in this scope
     cvImgContours = cv::findContours(cvImgErode, contours , [01;31m[Khierachy[m[K , cv::RETR_TREE, cv::CHAIN_APPROX_SIMPLE);
                                                             [01;31m[K^~~~~~~~[m[K
[01m[K/home/safmc/catkin_ws/src/openmv/src/openmv.cpp:91:33:[m[K [01;31m[Kerror: [m[K‘[01m[KcvContours[m[K’ was not declared in this scope
     cv::imshow(OPENCV_WINDOW_1 ,[01;31m[KcvContours[m[K);//OPENCV_WINDOW_1,
                                 [01;31m[K^~~~~~~~~~[m[K
[01m[K/home/safmc/catkin_ws/src/openmv/src/openmv.cpp:91:33:[m[K [01;36m[Knote: [m[Ksuggested alternative: ‘[01m[KCvContour[m[K’
     cv::imshow(OPENCV_WINDOW_1 ,[01;36m[KcvContours[m[K);//OPENCV_WINDOW_1,
                                 [01;36m[K^~~~~~~~~~[m[K
                                 [32m[KCvContour[m[K
make[2]: *** [CMakeFiles/openmv.dir/src/openmv.cpp.o] Error 1
make[1]: *** [CMakeFiles/openmv.dir/all] Error 2
make: *** [all] Error 2
