In file included from [01m[K/usr/include/c++/7/bits/stl_tempbuf.h:60:0[m[K,
                 from [01m[K/usr/include/c++/7/bits/stl_algo.h:62[m[K,
                 from [01m[K/usr/include/c++/7/algorithm:62[m[K,
                 from [01m[K/usr/include/opencv4/opencv2/core/base.hpp:55[m[K,
                 from [01m[K/usr/include/opencv4/opencv2/core.hpp:54[m[K,
                 from [01m[K/usr/include/opencv4/opencv2/imgproc.hpp:46[m[K,
                 from [01m[K/usr/include/opencv4/opencv2/imgproc/imgproc.hpp:48[m[K,
                 from [01m[K/home/safmc/catkin_ws/src/openmv/src/openmv.cpp:3[m[K:
/usr/include/c++/7/bits/stl_construct.h: In instantiation of ‘[01m[Kvoid std::_Construct(_T1*, _Args&& ...) [with _T1 = int; _Args = {cv::Point_<int>&}][m[K’:
[01m[K/usr/include/c++/7/bits/stl_uninitialized.h:83:18:[m[K   required from ‘[01m[Kstatic _ForwardIterator std::__uninitialized_copy<_TrivialValueTypes>::__uninit_copy(_InputIterator, _InputIterator, _ForwardIterator) [with _InputIterator = __gnu_cxx::__normal_iterator<cv::Point_<int>*, std::vector<cv::Point_<int> > >; _ForwardIterator = int*; bool _TrivialValueTypes = false][m[K’
[01m[K/usr/include/c++/7/bits/stl_uninitialized.h:134:15:[m[K   required from ‘[01m[K_ForwardIterator std::uninitialized_copy(_InputIterator, _InputIterator, _ForwardIterator) [with _InputIterator = __gnu_cxx::__normal_iterator<cv::Point_<int>*, std::vector<cv::Point_<int> > >; _ForwardIterator = int*][m[K’
[01m[K/usr/include/c++/7/bits/stl_uninitialized.h:289:37:[m[K   required from ‘[01m[K_ForwardIterator std::__uninitialized_copy_a(_InputIterator, _InputIterator, _ForwardIterator, std::allocator<_Tp>&) [with _InputIterator = __gnu_cxx::__normal_iterator<cv::Point_<int>*, std::vector<cv::Point_<int> > >; _ForwardIterator = int*; _Tp = int][m[K’
[01m[K/usr/include/c++/7/bits/stl_vector.h:1331:33:[m[K   required from ‘[01m[Kvoid std::vector<_Tp, _Alloc>::_M_range_initialize(_ForwardIterator, _ForwardIterator, std::forward_iterator_tag) [with _ForwardIterator = __gnu_cxx::__normal_iterator<cv::Point_<int>*, std::vector<cv::Point_<int> > >; _Tp = int; _Alloc = std::allocator<int>][m[K’
[01m[K/usr/include/c++/7/bits/stl_vector.h:1299:23:[m[K   required from ‘[01m[Kvoid std::vector<_Tp, _Alloc>::_M_initialize_dispatch(_InputIterator, _InputIterator, std::__false_type) [with _InputIterator = __gnu_cxx::__normal_iterator<cv::Point_<int>*, std::vector<cv::Point_<int> > >; _Tp = int; _Alloc = std::allocator<int>][m[K’
[01m[K/usr/include/c++/7/bits/stl_vector.h:414:26:[m[K   required from ‘[01m[Kstd::vector<_Tp, _Alloc>::vector(_InputIterator, _InputIterator, const allocator_type&) [with _InputIterator = __gnu_cxx::__normal_iterator<cv::Point_<int>*, std::vector<cv::Point_<int> > >; <template-parameter-2-2> = void; _Tp = int; _Alloc = std::allocator<int>; std::vector<_Tp, _Alloc>::allocator_type = std::allocator<int>][m[K’
[01m[K/home/safmc/catkin_ws/src/openmv/src/openmv.cpp:100:67:[m[K   required from here
[01m[K/usr/include/c++/7/bits/stl_construct.h:75:7:[m[K [01;31m[Kerror: [m[Kcannot convert ‘[01m[Kcv::Point_<int>[m[K’ to ‘[01m[Kint[m[K’ in initialization
     { [01;31m[K::new(static_cast<void*>(__p)) _T1(std::forward<_Args>(__args)...)[m[K; }
       [01;31m[K^~~~~~~~~~~~~~~~~~~~~~~~~~~~~~~~~~~~~~~~~~~~~~~~~~~~~~~~~~~~~~~~~~[m[K
make[2]: *** [CMakeFiles/openmv.dir/src/openmv.cpp.o] Error 1
make[1]: *** [CMakeFiles/openmv.dir/all] Error 2
make: *** [all] Error 2
