[01m[K/home/safmc/catkin_ws/src/openmv/src/openmv.cpp:[m[K In function ‘[01m[Kvoid openmvimg(const ConstPtr&)[m[K’:
[01m[K/home/safmc/catkin_ws/src/openmv/src/openmv.cpp:101:28:[m[K [01;31m[Kerror: [m[Kinvalid conversion from ‘[01m[Kstd::vector<cv::Point_<int> >::size_type {aka long unsigned int}[m[K’ to ‘[01m[Kconst char*[m[K’ [[01;31m[K-fpermissive[m[K]
     printf([01;31m[Kcontours[1].size()[m[K);
            [01;31m[K~~~~~~~~~~~~~~~~^~[m[K
In file included from [01m[K/usr/include/c++/7/cstdio:42:0[m[K,
                 from [01m[K/usr/include/c++/7/ext/string_conversions.h:43[m[K,
                 from [01m[K/usr/include/c++/7/bits/basic_string.h:6361[m[K,
                 from [01m[K/usr/include/c++/7/string:52[m[K,
                 from [01m[K/usr/include/c++/7/stdexcept:39[m[K,
                 from [01m[K/usr/include/c++/7/array:39[m[K,
                 from [01m[K/usr/include/opencv4/opencv2/core/cvdef.h:695[m[K,
                 from [01m[K/usr/include/opencv4/opencv2/core.hpp:52[m[K,
                 from [01m[K/usr/include/opencv4/opencv2/imgproc.hpp:46[m[K,
                 from [01m[K/usr/include/opencv4/opencv2/imgproc/imgproc.hpp:48[m[K,
                 from [01m[K/home/safmc/catkin_ws/src/openmv/src/openmv.cpp:3[m[K:
[01m[K/usr/include/stdio.h:318:12:[m[K [01;36m[Knote: [m[K  initializing argument 1 of ‘[01m[Kint printf(const char*, ...)[m[K’
 extern int [01;36m[Kprintf[m[K (const char *__restrict __format, ...);
            [01;36m[K^~~~~~[m[K
[01m[K/home/safmc/catkin_ws/src/openmv/src/openmv.cpp:101:30:[m[K [01;35m[Kwarning: [m[Kformat not a string literal and no format arguments [[01;35m[K-Wformat-security[m[K]
     printf(contours[1].size()[01;35m[K)[m[K;
                              [01;35m[K^[m[K
make[2]: *** [CMakeFiles/openmv.dir/src/openmv.cpp.o] Error 1
make[1]: *** [CMakeFiles/openmv.dir/all] Error 2
make: *** [all] Error 2
