[35m[1mScanning dependencies of target openmv[0m
[ 50%] [32mBuilding CXX object CMakeFiles/openmv.dir/src/openmv.cpp.o[0m
[01m[K/home/safmc/catkin_ws/src/openmv/src/openmv.cpp:[m[K In function ‘[01m[Kvoid openmvimg(const ConstPtr&)[m[K’:
[01m[K/home/safmc/catkin_ws/src/openmv/src/openmv.cpp:104:35:[m[K [01;35m[Kwarning: [m[Kpointer to a function used in arithmetic [[01;35m[K-Wpointer-arith[m[K]
     cv::Point ctr(cvRound(circle[1[01;35m[K][m[K[0]), cvRound(circle[1][1]));
                                   [01;35m[K^[m[K
[01m[K/home/safmc/catkin_ws/src/openmv/src/openmv.cpp:104:38:[m[K [01;35m[Kwarning: [m[Kpointer to a function used in arithmetic [[01;35m[K-Wpointer-arith[m[K]
     cv::Point ctr(cvRound(circle[1][0[01;35m[K][m[K), cvRound(circle[1][1]));
                                      [01;35m[K^[m[K
[01m[K/home/safmc/catkin_ws/src/openmv/src/openmv.cpp:104:38:[m[K [01;31m[Kerror: [m[Kinvalid conversion from ‘[01m[Kvoid (*)(cv::InputOutputArray, cv::Point, int, const Scalar&, int, int, int) {aka void (*)(const cv::_InputOutputArray&, cv::Point_<int>, int, const cv::Scalar_<double>&, int, int, int)}[m[K’ to ‘[01m[Kint[m[K’ [[01;31m[K-fpermissive[m[K]
     cv::Point ctr(cvRound([01;31m[Kcircle[1][0][m[K), cvRound(circle[1][1]));
                           [01;31m[K~~~~~~~~~~~^[m[K
In file included from [01m[K/usr/include/opencv4/opencv2/core/saturate.hpp:49:0[m[K,
                 from [01m[K/usr/include/opencv4/opencv2/core/matx.hpp:54[m[K,
                 from [01m[K/usr/include/opencv4/opencv2/core.hpp:57[m[K,
                 from [01m[K/usr/include/opencv4/opencv2/imgproc.hpp:46[m[K,
                 from [01m[K/usr/include/opencv4/opencv2/imgproc/imgproc.hpp:48[m[K,
                 from [01m[K/home/safmc/catkin_ws/src/openmv/src/openmv.cpp:3[m[K:
[01m[K/usr/include/opencv4/opencv2/core/fast_math.hpp:210:15:[m[K [01;36m[Knote: [m[K  initializing argument 1 of ‘[01m[Kint cvRound(int)[m[K’
 CV_INLINE int [01;36m[KcvRound[m[K( int value )
               [01;36m[K^~~~~~~[m[K
[01m[K/home/safmc/catkin_ws/src/openmv/src/openmv.cpp:104:58:[m[K [01;35m[Kwarning: [m[Kpointer to a function used in arithmetic [[01;35m[K-Wpointer-arith[m[K]
     cv::Point ctr(cvRound(circle[1][0]), cvRound(circle[1[01;35m[K][m[K[1]));
                                                          [01;35m[K^[m[K
[01m[K/home/safmc/catkin_ws/src/openmv/src/openmv.cpp:104:61:[m[K [01;35m[Kwarning: [m[Kpointer to a function used in arithmetic [[01;35m[K-Wpointer-arith[m[K]
     cv::Point ctr(cvRound(circle[1][0]), cvRound(circle[1][1[01;35m[K][m[K));
                                                             [01;35m[K^[m[K
[01m[K/home/safmc/catkin_ws/src/openmv/src/openmv.cpp:104:61:[m[K [01;31m[Kerror: [m[Kinvalid conversion from ‘[01m[Kvoid (*)(cv::InputOutputArray, cv::Point, int, const Scalar&, int, int, int) {aka void (*)(const cv::_InputOutputArray&, cv::Point_<int>, int, const cv::Scalar_<double>&, int, int, int)}[m[K’ to ‘[01m[Kint[m[K’ [[01;31m[K-fpermissive[m[K]
     cv::Point ctr(cvRound(circle[1][0]), cvRound([01;31m[Kcircle[1][1][m[K));
                                                  [01;31m[K~~~~~~~~~~~^[m[K
In file included from [01m[K/usr/include/opencv4/opencv2/core/saturate.hpp:49:0[m[K,
                 from [01m[K/usr/include/opencv4/opencv2/core/matx.hpp:54[m[K,
                 from [01m[K/usr/include/opencv4/opencv2/core.hpp:57[m[K,
                 from [01m[K/usr/include/opencv4/opencv2/imgproc.hpp:46[m[K,
                 from [01m[K/usr/include/opencv4/opencv2/imgproc/imgproc.hpp:48[m[K,
                 from [01m[K/home/safmc/catkin_ws/src/openmv/src/openmv.cpp:3[m[K:
[01m[K/usr/include/opencv4/opencv2/core/fast_math.hpp:210:15:[m[K [01;36m[Knote: [m[K  initializing argument 1 of ‘[01m[Kint cvRound(int)[m[K’
 CV_INLINE int [01;36m[KcvRound[m[K( int value )
               [01;36m[K^~~~~~~[m[K
[01m[K/home/safmc/catkin_ws/src/openmv/src/openmv.cpp:114:14:[m[K [01;31m[Kerror: [m[Kno match for ‘[01m[Koperator[][m[K’ (operand types are ‘[01m[Kcv::Point {aka cv::Point_<int>}[m[K’ and ‘[01m[Kint[m[K’)
  gpos.x = ctr[01;31m[K[[m[K0];
              [01;31m[K^[m[K
[01m[K/home/safmc/catkin_ws/src/openmv/src/openmv.cpp:115:17:[m[K [01;31m[Kerror: [m[Kno match for ‘[01m[Koperator[][m[K’ (operand types are ‘[01m[Kcv::Point {aka cv::Point_<int>}[m[K’ and ‘[01m[Kint[m[K’)
     gpos.y = ctr[01;31m[K[[m[K1];
                 [01;31m[K^[m[K
CMakeFiles/openmv.dir/build.make:62: recipe for target 'CMakeFiles/openmv.dir/src/openmv.cpp.o' failed
make[2]: *** [CMakeFiles/openmv.dir/src/openmv.cpp.o] Error 1
make[1]: *** [CMakeFiles/openmv.dir/all] Error 2
CMakeFiles/Makefile2:1027: recipe for target 'CMakeFiles/openmv.dir/all' failed
Makefile:140: recipe for target 'all' failed
make: *** [all] Error 2
