[35m[1mScanning dependencies of target openmv[0m
[ 50%] [32mBuilding CXX object CMakeFiles/openmv.dir/src/openmv.cpp.o[0m
[01m[K/home/safmc/catkin_ws/src/openmv/src/openmv.cpp:[m[K In function ‘[01m[Kvoid openmvimg(const ConstPtr&)[m[K’:
[01m[K/home/safmc/catkin_ws/src/openmv/src/openmv.cpp:104:33:[m[K [01;31m[Kerror: [m[Kno matching function for call to ‘[01m[KcvRound(cv::Point2f&)[m[K’
     cv::Point ctr(cvRound(center[01;31m[K)[m[K);
                                 [01;31m[K^[m[K
In file included from [01m[K/usr/include/opencv4/opencv2/core/saturate.hpp:49:0[m[K,
                 from [01m[K/usr/include/opencv4/opencv2/core/matx.hpp:54[m[K,
                 from [01m[K/usr/include/opencv4/opencv2/core.hpp:57[m[K,
                 from [01m[K/usr/include/opencv4/opencv2/imgproc.hpp:46[m[K,
                 from [01m[K/usr/include/opencv4/opencv2/imgproc/imgproc.hpp:48[m[K,
                 from [01m[K/home/safmc/catkin_ws/src/openmv/src/openmv.cpp:3[m[K:
[01m[K/usr/include/opencv4/opencv2/core/fast_math.hpp:97:1:[m[K [01;36m[Knote: [m[Kcandidate: int cvRound(double)
 [01;36m[KcvRound[m[K( double value )
 [01;36m[K^~~~~~~[m[K
[01m[K/usr/include/opencv4/opencv2/core/fast_math.hpp:97:1:[m[K [01;36m[Knote: [m[K  no known conversion for argument 1 from ‘[01m[Kcv::Point2f {aka cv::Point_<float>}[m[K’ to ‘[01m[Kdouble[m[K’
[01m[K/usr/include/opencv4/opencv2/core/fast_math.hpp:182:15:[m[K [01;36m[Knote: [m[Kcandidate: int cvRound(float)
 CV_INLINE int [01;36m[KcvRound[m[K(float value)
               [01;36m[K^~~~~~~[m[K
[01m[K/usr/include/opencv4/opencv2/core/fast_math.hpp:182:15:[m[K [01;36m[Knote: [m[K  no known conversion for argument 1 from ‘[01m[Kcv::Point2f {aka cv::Point_<float>}[m[K’ to ‘[01m[Kfloat[m[K’
[01m[K/usr/include/opencv4/opencv2/core/fast_math.hpp:210:15:[m[K [01;36m[Knote: [m[Kcandidate: int cvRound(int)
 CV_INLINE int [01;36m[KcvRound[m[K( int value )
               [01;36m[K^~~~~~~[m[K
[01m[K/usr/include/opencv4/opencv2/core/fast_math.hpp:210:15:[m[K [01;36m[Knote: [m[K  no known conversion for argument 1 from ‘[01m[Kcv::Point2f {aka cv::Point_<float>}[m[K’ to ‘[01m[Kint[m[K’
[01m[K/home/safmc/catkin_ws/src/openmv/src/openmv.cpp:114:11:[m[K [01;31m[Kerror: [m[Kcannot convert ‘[01m[Kcv::Point {aka cv::Point_<int>}[m[K’ to ‘[01m[Kgeometry_msgs::Point_<std::allocator<void> >::_x_type {aka double}[m[K’ in assignment
  gpos.x = [01;31m[Kctr[m[K ;
           [01;31m[K^~~[m[K
CMakeFiles/openmv.dir/build.make:62: recipe for target 'CMakeFiles/openmv.dir/src/openmv.cpp.o' failed
make[2]: *** [CMakeFiles/openmv.dir/src/openmv.cpp.o] Error 1
CMakeFiles/Makefile2:1027: recipe for target 'CMakeFiles/openmv.dir/all' failed
make[1]: *** [CMakeFiles/openmv.dir/all] Error 2
Makefile:140: recipe for target 'all' failed
make: *** [all] Error 2
