[01m[K/home/safmc/catkin_ws/src/openmv/src/openmv.cpp:[m[K In function ‘[01m[Kvoid openmvimg(const ConstPtr&)[m[K’:
[01m[K/home/safmc/catkin_ws/src/openmv/src/openmv.cpp:104:3:[m[K [01;31m[Kerror: [m[K‘[01m[KcvimgDilate[m[K’ was not declared in this scope
   [01;31m[KcvimgDilate[m[K,
   [01;31m[K^~~~~~~~~~~[m[K
[01m[K/home/safmc/catkin_ws/src/openmv/src/openmv.cpp:104:3:[m[K [01;36m[Knote: [m[Ksuggested alternative: ‘[01m[KcvImgDilate[m[K’
   [01;36m[KcvimgDilate[m[K,
   [01;36m[K^~~~~~~~~~~[m[K
   [32m[KcvImgDilate[m[K
[01m[K/home/safmc/catkin_ws/src/openmv/src/openmv.cpp:110:39:[m[K [01;31m[Kerror: [m[K‘[01m[Kbinary[m[K’ was not declared in this scope
  biggest_contour = findBiggestContour([01;31m[Kbinary[m[K);
                                       [01;31m[K^~~~~~[m[K
[01m[K/home/safmc/catkin_ws/src/openmv/src/openmv.cpp:110:39:[m[K [01;36m[Knote: [m[Ksuggested alternative: ‘[01m[Kminor[m[K’
  biggest_contour = findBiggestContour([01;36m[Kbinary[m[K);
                                       [01;36m[K^~~~~~[m[K
                                       [32m[Kminor[m[K
[01m[K/home/safmc/catkin_ws/src/openmv/src/openmv.cpp:110:20:[m[K [01;31m[Kerror: [m[K‘[01m[KfindBiggestContour[m[K’ was not declared in this scope
  biggest_contour = [01;31m[KfindBiggestContour[m[K(binary);
                    [01;31m[K^~~~~~~~~~~~~~~~~~[m[K
[01m[K/home/safmc/catkin_ws/src/openmv/src/openmv.cpp:110:20:[m[K [01;36m[Knote: [m[Ksuggested alternative: ‘[01m[Kbiggest_contour[m[K’
  biggest_contour = [01;36m[KfindBiggestContour[m[K(binary);
                    [01;36m[K^~~~~~~~~~~~~~~~~~[m[K
                    [32m[Kbiggest_contour[m[K
[01m[K/home/safmc/catkin_ws/src/openmv/src/openmv.cpp:[m[K In function ‘[01m[Kstd::vector<cv::Point_<int> > findBiggestContour(cv::Mat)[m[K’:
[01m[K/home/safmc/catkin_ws/src/openmv/src/openmv.cpp:143:19:[m[K [01;31m[Kerror: [m[K‘[01m[Kbinary_image[m[K’ was not declared in this scope
  cv::findContours([01;31m[Kbinary_image[m[K, contours, hierarchy, CV_RETR_CCOMP, CV_CHAIN_APPROX_SIMPLE);
                   [01;31m[K^~~~~~~~~~~~[m[K
make[2]: *** [CMakeFiles/openmv.dir/src/openmv.cpp.o] Error 1
make[1]: *** [CMakeFiles/openmv.dir/all] Error 2
make: *** [all] Error 2
