[01m[K/home/safmc/catkin_ws/src/openmv/src/openmv.cpp:[m[K In function ‘[01m[Kvoid openmvimg(const ConstPtr&)[m[K’:
[01m[K/home/safmc/catkin_ws/src/openmv/src/openmv.cpp:119:17:[m[K [01;31m[Kerror: [m[Kno match for ‘[01m[Koperator[][m[K’ (operand types are ‘[01m[Kcv::Point2f {aka cv::Point_<float>}[m[K’ and ‘[01m[Kint[m[K’)
  gpos.x = center[01;31m[K[[m[K0];
                 [01;31m[K^[m[K
[01m[K/home/safmc/catkin_ws/src/openmv/src/openmv.cpp:120:17:[m[K [01;31m[Kerror: [m[Kno match for ‘[01m[Koperator[][m[K’ (operand types are ‘[01m[Kcv::Point2f {aka cv::Point_<float>}[m[K’ and ‘[01m[Kint[m[K’)
  gpos.y = center[01;31m[K[[m[K1];
                 [01;31m[K^[m[K
[01m[K/home/safmc/catkin_ws/src/openmv/src/openmv.cpp:121:10:[m[K [01;31m[Kerror: [m[K‘[01m[Kgeometry_msgs::Point {aka struct geometry_msgs::Point_<std::allocator<void> >}[m[K’ has no member named ‘[01m[Kpublish[m[K’
     gpos.[01;31m[Kpublish[m[K(gpos);
          [01;31m[K^~~~~~~[m[K
[01m[K/home/safmc/catkin_ws/src/openmv/src/openmv.cpp:[m[K In function ‘[01m[Kint main(int, char**)[m[K’:
[01m[K/home/safmc/catkin_ws/src/openmv/src/openmv.cpp:178:5:[m[K [01;31m[Kerror: [m[K‘[01m[Kgpos[m[K’ was not declared in this scope
     [01;31m[Kgpos[m[K = n.advertise<geometry_msgs::Point>("M3/openmv/Gpos", 100);
     [01;31m[K^~~~[m[K
[01m[K/home/safmc/catkin_ws/src/openmv/src/openmv.cpp:178:5:[m[K [01;36m[Knote: [m[Ksuggested alternative: ‘[01m[Kpow[m[K’
     [01;36m[Kgpos[m[K = n.advertise<geometry_msgs::Point>("M3/openmv/Gpos", 100);
     [01;36m[K^~~~[m[K
     [32m[Kpow[m[K
make[2]: *** [CMakeFiles/openmv.dir/src/openmv.cpp.o] Error 1
make[1]: *** [CMakeFiles/openmv.dir/all] Error 2
make: *** [all] Error 2
