[01m[K/home/safmc/catkin_ws/src/openmv/src/openmv.cpp:[m[K In function ‘[01m[Kvoid openmvimg(const ConstPtr&)[m[K’:
[01m[K/home/safmc/catkin_ws/src/openmv/src/openmv.cpp:110:47:[m[K [01;31m[Kerror: [m[Kno match for ‘[01m[Koperator=[m[K’ (operand types are ‘[01m[Kstd::vector<cv::Point_<int> >[m[K’ and ‘[01m[Kint[m[K’)
  biggest_contour = findBiggestContour(cvImgCny[01;31m[K)[m[K;
                                               [01;31m[K^[m[K
In file included from [01m[K/usr/include/c++/7/vector:69:0[m[K,
                 from [01m[K/usr/include/opencv4/opencv2/core/types.hpp:53[m[K,
                 from [01m[K/usr/include/opencv4/opencv2/core.hpp:58[m[K,
                 from [01m[K/usr/include/opencv4/opencv2/imgproc.hpp:46[m[K,
                 from [01m[K/usr/include/opencv4/opencv2/imgproc/imgproc.hpp:48[m[K,
                 from [01m[K/home/safmc/catkin_ws/src/openmv/src/openmv.cpp:3[m[K:
[01m[K/usr/include/c++/7/bits/vector.tcc:179:5:[m[K [01;36m[Knote: [m[Kcandidate: std::vector<_Tp, _Alloc>& std::vector<_Tp, _Alloc>::operator=(const std::vector<_Tp, _Alloc>&) [with _Tp = cv::Point_<int>; _Alloc = std::allocator<cv::Point_<int> >]
     [01;36m[Kvector<_Tp, _Alloc>[m[K::
     [01;36m[K^~~~~~~~~~~~~~~~~~~[m[K
[01m[K/usr/include/c++/7/bits/vector.tcc:179:5:[m[K [01;36m[Knote: [m[K  no known conversion for argument 1 from ‘[01m[Kint[m[K’ to ‘[01m[Kconst std::vector<cv::Point_<int> >&[m[K’
In file included from [01m[K/usr/include/c++/7/vector:64:0[m[K,
                 from [01m[K/usr/include/opencv4/opencv2/core/types.hpp:53[m[K,
                 from [01m[K/usr/include/opencv4/opencv2/core.hpp:58[m[K,
                 from [01m[K/usr/include/opencv4/opencv2/imgproc.hpp:46[m[K,
                 from [01m[K/usr/include/opencv4/opencv2/imgproc/imgproc.hpp:48[m[K,
                 from [01m[K/home/safmc/catkin_ws/src/openmv/src/openmv.cpp:3[m[K:
[01m[K/usr/include/c++/7/bits/stl_vector.h:461:7:[m[K [01;36m[Knote: [m[Kcandidate: std::vector<_Tp, _Alloc>& std::vector<_Tp, _Alloc>::operator=(std::vector<_Tp, _Alloc>&&) [with _Tp = cv::Point_<int>; _Alloc = std::allocator<cv::Point_<int> >]
       [01;36m[Koperator[m[K=(vector&& __x) noexcept(_Alloc_traits::_S_nothrow_move())
       [01;36m[K^~~~~~~~[m[K
[01m[K/usr/include/c++/7/bits/stl_vector.h:461:7:[m[K [01;36m[Knote: [m[K  no known conversion for argument 1 from ‘[01m[Kint[m[K’ to ‘[01m[Kstd::vector<cv::Point_<int> >&&[m[K’
[01m[K/usr/include/c++/7/bits/stl_vector.h:482:7:[m[K [01;36m[Knote: [m[Kcandidate: std::vector<_Tp, _Alloc>& std::vector<_Tp, _Alloc>::operator=(std::initializer_list<_Tp>) [with _Tp = cv::Point_<int>; _Alloc = std::allocator<cv::Point_<int> >]
       [01;36m[Koperator[m[K=(initializer_list<value_type> __l)
       [01;36m[K^~~~~~~~[m[K
[01m[K/usr/include/c++/7/bits/stl_vector.h:482:7:[m[K [01;36m[Knote: [m[K  no known conversion for argument 1 from ‘[01m[Kint[m[K’ to ‘[01m[Kstd::initializer_list<cv::Point_<int> >[m[K’
In file included from [01m[K/opt/ros/melodic/include/ros/ros.h:40:0[m[K,
                 from [01m[K/home/safmc/catkin_ws/src/openmv/src/openmv.cpp:10[m[K:
[01m[K/opt/ros/melodic/include/ros/console.h:348:176:[m[K [01;35m[Kwarning: [m[Kformat ‘[01m[K%d[m[K’ expects argument of type ‘[01m[Kint[m[K’, but argument 8 has type ‘[01m[Kstd::vector<cv::Point_<int> >[m[K’ [[01;35m[K-Wformat=[m[K]
     ::ros::console::print(filter, __rosconsole_define_location__loc.logger_, __rosconsole_define_location__loc.level_, __FILE__, __LINE__, __ROSCONSOLE_FUNCTION__, __VA_ARGS__[01;35m[K)[m[K
                                                                                                                                                                                [01;35m[K^[m[K
[01m[K/opt/ros/melodic/include/ros/console.h:351:5:[m[K [01;36m[Knote: [m[Kin expansion of macro ‘[01m[KROSCONSOLE_PRINT_AT_LOCATION_WITH_FILTER[m[K’
     [01;36m[KROSCONSOLE_PRINT_AT_LOCATION_WITH_FILTER[m[K(NULL, __VA_ARGS__)
     [01;36m[K^~~~~~~~~~~~~~~~~~~~~~~~~~~~~~~~~~~~~~~~[m[K
[01m[K/opt/ros/melodic/include/ros/console.h:387:7:[m[K [01;36m[Knote: [m[Kin expansion of macro ‘[01m[KROSCONSOLE_PRINT_AT_LOCATION[m[K’
       [01;36m[KROSCONSOLE_PRINT_AT_LOCATION[m[K(__VA_ARGS__); \
       [01;36m[K^~~~~~~~~~~~~~~~~~~~~~~~~~~~[m[K
[01m[K/opt/ros/melodic/include/ros/console.h:572:35:[m[K [01;36m[Knote: [m[Kin expansion of macro ‘[01m[KROS_LOG_COND[m[K’
 #define ROS_LOG(level, name, ...) [01;36m[KROS_LOG_COND[m[K(true, level, name, __VA_ARGS__)
                                   [01;36m[K^~~~~~~~~~~~[m[K
[01m[K/opt/ros/melodic/include/rosconsole/macros_generated.h:110:23:[m[K [01;36m[Knote: [m[Kin expansion of macro ‘[01m[KROS_LOG[m[K’
 #define ROS_INFO(...) [01;36m[KROS_LOG[m[K(::ros::console::levels::Info, ROSCONSOLE_DEFAULT_NAME, __VA_ARGS__)
                       [01;36m[K^~~~~~~[m[K
[01m[K/home/safmc/catkin_ws/src/openmv/src/openmv.cpp:111:5:[m[K [01;36m[Knote: [m[Kin expansion of macro ‘[01m[KROS_INFO[m[K’
     [01;36m[KR[m[KOS_INFO("%d",biggest_contour);
     [01;36m[K^[m[K
make[2]: *** [CMakeFiles/openmv.dir/src/openmv.cpp.o] Error 1
make[1]: *** [CMakeFiles/openmv.dir/all] Error 2
make: *** [all] Error 2
