Determining if the pthread_create exist failed with the following output:
Change Dir: /home/safmc/catkin_ws/build/teraranger_subs/CMakeFiles/CMakeTmp

Run Build Command:"/usr/bin/make" "cmTC_e9e7d/fast"
/usr/bin/make -f CMakeFiles/cmTC_e9e7d.dir/build.make CMakeFiles/cmTC_e9e7d.dir/build
make[1]: Entering directory '/home/safmc/catkin_ws/build/teraranger_subs/CMakeFiles/CMakeTmp'
Building C object CMakeFiles/cmTC_e9e7d.dir/CheckSymbolExists.c.o
/usr/bin/cc    -o CMakeFiles/cmTC_e9e7d.dir/CheckSymbolExists.c.o   -c /home/safmc/catkin_ws/build/teraranger_subs/CMakeFiles/CMakeTmp/CheckSymbolExists.c
Linking C executable cmTC_e9e7d
/usr/bin/cmake -E cmake_link_script CMakeFiles/cmTC_e9e7d.dir/link.txt --verbose=1
/usr/bin/cc      -rdynamic CMakeFiles/cmTC_e9e7d.dir/CheckSymbolExists.c.o  -o cmTC_e9e7d 
CMakeFiles/cmTC_e9e7d.dir/CheckSymbolExists.c.o: In function `main':
CheckSymbolExists.c:(.text+0x14): undefined reference to `pthread_create'
CheckSymbolExists.c:(.text+0x18): undefined reference to `pthread_create'
collect2: error: ld returned 1 exit status
CMakeFiles/cmTC_e9e7d.dir/build.make:97: recipe for target 'cmTC_e9e7d' failed
make[1]: *** [cmTC_e9e7d] Error 1
make[1]: Leaving directory '/home/safmc/catkin_ws/build/teraranger_subs/CMakeFiles/CMakeTmp'
Makefile:126: recipe for target 'cmTC_e9e7d/fast' failed
make: *** [cmTC_e9e7d/fast] Error 2

File /home/safmc/catkin_ws/build/teraranger_subs/CMakeFiles/CMakeTmp/CheckSymbolExists.c:
/* */
#include <pthread.h>

int main(int argc, char** argv)
{
  (void)argv;
#ifndef pthread_create
  return ((int*)(&pthread_create))[argc];
#else
  (void)argc;
  return 0;
#endif
}

Determining if the function pthread_create exists in the pthreads failed with the following output:
Change Dir: /home/safmc/catkin_ws/build/teraranger_subs/CMakeFiles/CMakeTmp

Run Build Command:"/usr/bin/make" "cmTC_62ac5/fast"
/usr/bin/make -f CMakeFiles/cmTC_62ac5.dir/build.make CMakeFiles/cmTC_62ac5.dir/build
make[1]: Entering directory '/home/safmc/catkin_ws/build/teraranger_subs/CMakeFiles/CMakeTmp'
Building C object CMakeFiles/cmTC_62ac5.dir/CheckFunctionExists.c.o
/usr/bin/cc   -DCHECK_FUNCTION_EXISTS=pthread_create   -o CMakeFiles/cmTC_62ac5.dir/CheckFunctionExists.c.o   -c /usr/share/cmake-3.10/Modules/CheckFunctionExists.c
Linking C executable cmTC_62ac5
/usr/bin/cmake -E cmake_link_script CMakeFiles/cmTC_62ac5.dir/link.txt --verbose=1
/usr/bin/cc  -DCHECK_FUNCTION_EXISTS=pthread_create    -rdynamic CMakeFiles/cmTC_62ac5.dir/CheckFunctionExists.c.o  -o cmTC_62ac5 -lpthreads 
/usr/bin/ld: cannot find -lpthreads
collect2: error: ld returned 1 exit status
CMakeFiles/cmTC_62ac5.dir/build.make:97: recipe for target 'cmTC_62ac5' failed
make[1]: *** [cmTC_62ac5] Error 1
make[1]: Leaving directory '/home/safmc/catkin_ws/build/teraranger_subs/CMakeFiles/CMakeTmp'
Makefile:126: recipe for target 'cmTC_62ac5/fast' failed
make: *** [cmTC_62ac5/fast] Error 2


