Determining if the pthread_create exist failed with the following output:
Change Dir: /home/safmc/catkin_ws/build/zed_video_sub_tutorial/CMakeFiles/CMakeTmp

Run Build Command:"/usr/bin/make" "cmTC_27c8d/fast"
/usr/bin/make -f CMakeFiles/cmTC_27c8d.dir/build.make CMakeFiles/cmTC_27c8d.dir/build
make[1]: Entering directory '/home/safmc/catkin_ws/build/zed_video_sub_tutorial/CMakeFiles/CMakeTmp'
Building C object CMakeFiles/cmTC_27c8d.dir/CheckSymbolExists.c.o
/usr/bin/cc    -o CMakeFiles/cmTC_27c8d.dir/CheckSymbolExists.c.o   -c /home/safmc/catkin_ws/build/zed_video_sub_tutorial/CMakeFiles/CMakeTmp/CheckSymbolExists.c
Linking C executable cmTC_27c8d
/usr/bin/cmake -E cmake_link_script CMakeFiles/cmTC_27c8d.dir/link.txt --verbose=1
/usr/bin/cc      -rdynamic CMakeFiles/cmTC_27c8d.dir/CheckSymbolExists.c.o  -o cmTC_27c8d 
CMakeFiles/cmTC_27c8d.dir/CheckSymbolExists.c.o: In function `main':
CheckSymbolExists.c:(.text+0x14): undefined reference to `pthread_create'
CheckSymbolExists.c:(.text+0x18): undefined reference to `pthread_create'
collect2: error: ld returned 1 exit status
CMakeFiles/cmTC_27c8d.dir/build.make:97: recipe for target 'cmTC_27c8d' failed
make[1]: *** [cmTC_27c8d] Error 1
make[1]: Leaving directory '/home/safmc/catkin_ws/build/zed_video_sub_tutorial/CMakeFiles/CMakeTmp'
Makefile:126: recipe for target 'cmTC_27c8d/fast' failed
make: *** [cmTC_27c8d/fast] Error 2

File /home/safmc/catkin_ws/build/zed_video_sub_tutorial/CMakeFiles/CMakeTmp/CheckSymbolExists.c:
/* */
#include <pthread.h>

int main(int argc, char** argv)
{
  (void)argv;
#ifndef pthread_create
  return ((int*)(&pthread_create))[argc];
#else
  (void)argc;
  return 0;
#endif
}

Determining if the function pthread_create exists in the pthreads failed with the following output:
Change Dir: /home/safmc/catkin_ws/build/zed_video_sub_tutorial/CMakeFiles/CMakeTmp

Run Build Command:"/usr/bin/make" "cmTC_0edac/fast"
/usr/bin/make -f CMakeFiles/cmTC_0edac.dir/build.make CMakeFiles/cmTC_0edac.dir/build
make[1]: Entering directory '/home/safmc/catkin_ws/build/zed_video_sub_tutorial/CMakeFiles/CMakeTmp'
Building C object CMakeFiles/cmTC_0edac.dir/CheckFunctionExists.c.o
/usr/bin/cc   -DCHECK_FUNCTION_EXISTS=pthread_create   -o CMakeFiles/cmTC_0edac.dir/CheckFunctionExists.c.o   -c /usr/share/cmake-3.10/Modules/CheckFunctionExists.c
Linking C executable cmTC_0edac
/usr/bin/cmake -E cmake_link_script CMakeFiles/cmTC_0edac.dir/link.txt --verbose=1
/usr/bin/cc  -DCHECK_FUNCTION_EXISTS=pthread_create    -rdynamic CMakeFiles/cmTC_0edac.dir/CheckFunctionExists.c.o  -o cmTC_0edac -lpthreads 
/usr/bin/ld: cannot find -lpthreads
collect2: error: ld returned 1 exit status
CMakeFiles/cmTC_0edac.dir/build.make:97: recipe for target 'cmTC_0edac' failed
make[1]: *** [cmTC_0edac] Error 1
make[1]: Leaving directory '/home/safmc/catkin_ws/build/zed_video_sub_tutorial/CMakeFiles/CMakeTmp'
Makefile:126: recipe for target 'cmTC_0edac/fast' failed
make: *** [cmTC_0edac/fast] Error 2


